#-----------------------------------------------------------
# Vivado v2018.3 (64-bit)
# SW Build 2405991 on Thu Dec  6 23:38:27 MST 2018
# IP Build 2404404 on Fri Dec  7 01:43:56 MST 2018
# Start of session at: Wed Mar 13 14:28:01 2019
# Process ID: 5424
# Current directory: C:/Users/Juan_David/Desktop/Caco_funcionando_no_tocar/PROJECT_24_02_2019
# Command line: vivado.exe -gui_launcher_event rodinguilauncherevent5356 C:\Users\Juan_David\Desktop\Caco_funcionando_no_tocar\PROJECT_24_02_2019\PROJECT_24_02_2019.xpr
# Log file: C:/Users/Juan_David/Desktop/Caco_funcionando_no_tocar/PROJECT_24_02_2019/vivado.log
# Journal file: C:/Users/Juan_David/Desktop/Caco_funcionando_no_tocar/PROJECT_24_02_2019\vivado.jou
#-----------------------------------------------------------
start_gui
open_project C:/Users/Juan_David/Desktop/Caco_funcionando_no_tocar/PROJECT_24_02_2019/PROJECT_24_02_2019.xpr
Scanning sources...
Finished scanning sources
INFO: [IP_Flow 19-234] Refreshing IP repositories
INFO: [IP_Flow 19-1704] No user IP repositories specified
INFO: [IP_Flow 19-2313] Loaded Vivado IP repository 'C:/Xilinx/Vivado/2018.3/data/ip'.
open_project: Time (s): cpu = 00:00:23 ; elapsed = 00:00:19 . Memory (MB): peak = 866.020 ; gain = 257.473
update_compile_order -fileset sources_1
open_hw
connect_hw_server
INFO: [Labtools 27-2285] Connecting to hw_server url TCP:localhost:3121
INFO: [Labtools 27-2222] Launching hw_server...
INFO: [Labtools 27-2221] Launch Output:

****** Xilinx hw_server v2018.3
  **** Build date : Dec  7 2018-00:40:27
    ** Copyright 1986-2018 Xilinx, Inc. All Rights Reserved.


open_hw_target
INFO: [Labtoolstcl 44-466] Opening hw_target localhost:3121/xilinx_tcf/Digilent/210292A3FCA1A
set_property PROGRAM.FILE {C:/Users/Juan_David/Desktop/Caco_funcionando_no_tocar/PROJECT_24_02_2019/PROJECT_24_02_2019.runs/impl_1/Top_module.bit} [get_hw_devices xc7a100t_0]
current_hw_device [get_hw_devices xc7a100t_0]
refresh_hw_device -update_hw_probes false [lindex [get_hw_devices xc7a100t_0] 0]
INFO: [Labtools 27-1434] Device xc7a100t (JTAG device index = 0) is programmed with a design that has no supported debug core(s) in it.
set_property PROBES.FILE {} [get_hw_devices xc7a100t_0]
set_property FULL_PROBES.FILE {} [get_hw_devices xc7a100t_0]
set_property PROGRAM.FILE {C:/Users/Juan_David/Desktop/Caco_funcionando_no_tocar/PROJECT_24_02_2019/PROJECT_24_02_2019.runs/impl_1/Top_module.bit} [get_hw_devices xc7a100t_0]
program_hw_devices [get_hw_devices xc7a100t_0]
INFO: [Labtools 27-3164] End of startup status: HIGH
refresh_hw_device [lindex [get_hw_devices xc7a100t_0] 0]
INFO: [Labtools 27-1434] Device xc7a100t (JTAG device index = 0) is programmed with a design that has no supported debug core(s) in it.
ERROR: [Labtoolstcl 44-513] HW Target shutdown. Closing target: localhost:3121/xilinx_tcf/Digilent/210292A3FCA1A
disconnect_hw_server localhost:3121
connect_hw_server
INFO: [Labtools 27-2285] Connecting to hw_server url TCP:localhost:3121
open_hw_target
INFO: [Labtoolstcl 44-466] Opening hw_target localhost:3121/xilinx_tcf/Digilent/210292A3FCA1A
set_property PROGRAM.FILE {C:/Users/Juan_David/Desktop/Caco_funcionando_no_tocar/PROJECT_24_02_2019/PROJECT_24_02_2019.runs/impl_1/Top_module.bit} [get_hw_devices xc7a100t_0]
current_hw_device [get_hw_devices xc7a100t_0]
refresh_hw_device -update_hw_probes false [lindex [get_hw_devices xc7a100t_0] 0]
INFO: [Labtools 27-1434] Device xc7a100t (JTAG device index = 0) is programmed with a design that has no supported debug core(s) in it.
set_property PROBES.FILE {} [get_hw_devices xc7a100t_0]
set_property FULL_PROBES.FILE {} [get_hw_devices xc7a100t_0]
set_property PROGRAM.FILE {C:/Users/Juan_David/Desktop/Caco_funcionando_no_tocar/PROJECT_24_02_2019/PROJECT_24_02_2019.runs/impl_1/Top_module.bit} [get_hw_devices xc7a100t_0]
program_hw_devices [get_hw_devices xc7a100t_0]
INFO: [Labtools 27-3164] End of startup status: HIGH
refresh_hw_device [lindex [get_hw_devices xc7a100t_0] 0]
INFO: [Labtools 27-1434] Device xc7a100t (JTAG device index = 0) is programmed with a design that has no supported debug core(s) in it.
set_property PROBES.FILE {} [get_hw_devices xc7a100t_0]
set_property FULL_PROBES.FILE {} [get_hw_devices xc7a100t_0]
set_property PROGRAM.FILE {C:/Users/Juan_David/Desktop/Caco_funcionando_no_tocar/PROJECT_24_02_2019/PROJECT_24_02_2019.runs/impl_1/Top_module.bit} [get_hw_devices xc7a100t_0]
program_hw_devices [get_hw_devices xc7a100t_0]
INFO: [Labtools 27-3164] End of startup status: HIGH
refresh_hw_device [lindex [get_hw_devices xc7a100t_0] 0]
INFO: [Labtools 27-1434] Device xc7a100t (JTAG device index = 0) is programmed with a design that has no supported debug core(s) in it.
import_files -norecurse {C:/Users/Juan_David/Desktop/Super_Digitales/Tarea_4_latency/modulos_tarea/sources_1/new/uart/clk_divider.v C:/Users/Juan_David/Desktop/Super_Digitales/Tarea_4_latency/modulos_tarea/sources_1/new/uart/bcd_to_ss.v C:/Users/Juan_David/Desktop/Super_Digitales/Tarea_4_latency/modulos_tarea/sources_1/new/uart/display_mux.v}
update_compile_order -fileset sources_1
reset_run synth_1
launch_runs impl_1 -to_step write_bitstream -jobs 8
INFO: [Vivado 12-4149] The synthesis checkpoint for IP 'C:/Users/Juan_David/Desktop/Caco_funcionando_no_tocar/PROJECT_24_02_2019/Modulos en uso/ip/blk_mem_gen_0/blk_mem_gen_0.xci' is already up-to-date
INFO: [Vivado 12-4149] The synthesis checkpoint for IP 'C:/Users/Juan_David/Desktop/Caco_funcionando_no_tocar/PROJECT_24_02_2019/Modulos en uso/ip/clk_wiz_0/clk_wiz_0.xci' is already up-to-date
INFO: [Vivado 12-4149] The synthesis checkpoint for IP 'C:/Users/Juan_David/Desktop/Caco_funcionando_no_tocar/PROJECT_24_02_2019/Modulos en uso/ip/fifo_generator_0/fifo_generator_0.xci' is already up-to-date
[Wed Mar 13 15:01:56 2019] Launched synth_1...
Run output will be captured here: C:/Users/Juan_David/Desktop/Caco_funcionando_no_tocar/PROJECT_24_02_2019/PROJECT_24_02_2019.runs/synth_1/runme.log
[Wed Mar 13 15:01:56 2019] Launched impl_1...
Run output will be captured here: C:/Users/Juan_David/Desktop/Caco_funcionando_no_tocar/PROJECT_24_02_2019/PROJECT_24_02_2019.runs/impl_1/runme.log
reset_run synth_1
launch_runs impl_1 -to_step write_bitstream -jobs 8
INFO: [Vivado 12-4149] The synthesis checkpoint for IP 'C:/Users/Juan_David/Desktop/Caco_funcionando_no_tocar/PROJECT_24_02_2019/Modulos en uso/ip/blk_mem_gen_0/blk_mem_gen_0.xci' is already up-to-date
INFO: [Vivado 12-4149] The synthesis checkpoint for IP 'C:/Users/Juan_David/Desktop/Caco_funcionando_no_tocar/PROJECT_24_02_2019/Modulos en uso/ip/clk_wiz_0/clk_wiz_0.xci' is already up-to-date
INFO: [Vivado 12-4149] The synthesis checkpoint for IP 'C:/Users/Juan_David/Desktop/Caco_funcionando_no_tocar/PROJECT_24_02_2019/Modulos en uso/ip/fifo_generator_0/fifo_generator_0.xci' is already up-to-date
[Wed Mar 13 15:02:23 2019] Launched synth_1...
Run output will be captured here: C:/Users/Juan_David/Desktop/Caco_funcionando_no_tocar/PROJECT_24_02_2019/PROJECT_24_02_2019.runs/synth_1/runme.log
[Wed Mar 13 15:02:23 2019] Launched impl_1...
Run output will be captured here: C:/Users/Juan_David/Desktop/Caco_funcionando_no_tocar/PROJECT_24_02_2019/PROJECT_24_02_2019.runs/impl_1/runme.log
import_files -norecurse C:/Users/Juan_David/Desktop/Super_Digitales/Tarea_4_latency/modulos_tarea/sources_1/new/uart/unsigned_to_bcd.v
update_compile_order -fileset sources_1
reset_run synth_1
launch_runs impl_1 -to_step write_bitstream -jobs 8
INFO: [Vivado 12-4149] The synthesis checkpoint for IP 'C:/Users/Juan_David/Desktop/Caco_funcionando_no_tocar/PROJECT_24_02_2019/Modulos en uso/ip/blk_mem_gen_0/blk_mem_gen_0.xci' is already up-to-date
INFO: [Vivado 12-4149] The synthesis checkpoint for IP 'C:/Users/Juan_David/Desktop/Caco_funcionando_no_tocar/PROJECT_24_02_2019/Modulos en uso/ip/clk_wiz_0/clk_wiz_0.xci' is already up-to-date
INFO: [Vivado 12-4149] The synthesis checkpoint for IP 'C:/Users/Juan_David/Desktop/Caco_funcionando_no_tocar/PROJECT_24_02_2019/Modulos en uso/ip/fifo_generator_0/fifo_generator_0.xci' is already up-to-date
[Wed Mar 13 15:03:07 2019] Launched synth_1...
Run output will be captured here: C:/Users/Juan_David/Desktop/Caco_funcionando_no_tocar/PROJECT_24_02_2019/PROJECT_24_02_2019.runs/synth_1/runme.log
[Wed Mar 13 15:03:07 2019] Launched impl_1...
Run output will be captured here: C:/Users/Juan_David/Desktop/Caco_funcionando_no_tocar/PROJECT_24_02_2019/PROJECT_24_02_2019.runs/impl_1/runme.log
set_property PROBES.FILE {} [get_hw_devices xc7a100t_0]
set_property FULL_PROBES.FILE {} [get_hw_devices xc7a100t_0]
set_property PROGRAM.FILE {C:/Users/Juan_David/Desktop/Caco_funcionando_no_tocar/PROJECT_24_02_2019/PROJECT_24_02_2019.runs/impl_1/Top_module.bit} [get_hw_devices xc7a100t_0]
program_hw_devices [get_hw_devices xc7a100t_0]
INFO: [Labtools 27-3164] End of startup status: HIGH
refresh_hw_device [lindex [get_hw_devices xc7a100t_0] 0]
INFO: [Labtools 27-1434] Device xc7a100t (JTAG device index = 0) is programmed with a design that has no supported debug core(s) in it.
reset_run synth_1
launch_runs impl_1 -to_step write_bitstream -jobs 8
INFO: [Vivado 12-4149] The synthesis checkpoint for IP 'C:/Users/Juan_David/Desktop/Caco_funcionando_no_tocar/PROJECT_24_02_2019/Modulos en uso/ip/blk_mem_gen_0/blk_mem_gen_0.xci' is already up-to-date
INFO: [Vivado 12-4149] The synthesis checkpoint for IP 'C:/Users/Juan_David/Desktop/Caco_funcionando_no_tocar/PROJECT_24_02_2019/Modulos en uso/ip/clk_wiz_0/clk_wiz_0.xci' is already up-to-date
INFO: [Vivado 12-4149] The synthesis checkpoint for IP 'C:/Users/Juan_David/Desktop/Caco_funcionando_no_tocar/PROJECT_24_02_2019/Modulos en uso/ip/fifo_generator_0/fifo_generator_0.xci' is already up-to-date
[Wed Mar 13 15:14:09 2019] Launched synth_1...
Run output will be captured here: C:/Users/Juan_David/Desktop/Caco_funcionando_no_tocar/PROJECT_24_02_2019/PROJECT_24_02_2019.runs/synth_1/runme.log
[Wed Mar 13 15:14:09 2019] Launched impl_1...
Run output will be captured here: C:/Users/Juan_David/Desktop/Caco_funcionando_no_tocar/PROJECT_24_02_2019/PROJECT_24_02_2019.runs/impl_1/runme.log
set_property PROBES.FILE {} [get_hw_devices xc7a100t_0]
set_property FULL_PROBES.FILE {} [get_hw_devices xc7a100t_0]
set_property PROGRAM.FILE {C:/Users/Juan_David/Desktop/Caco_funcionando_no_tocar/PROJECT_24_02_2019/PROJECT_24_02_2019.runs/impl_1/Top_module.bit} [get_hw_devices xc7a100t_0]
program_hw_devices [get_hw_devices xc7a100t_0]
INFO: [Labtools 27-3164] End of startup status: HIGH
refresh_hw_device [lindex [get_hw_devices xc7a100t_0] 0]
INFO: [Labtools 27-1434] Device xc7a100t (JTAG device index = 0) is programmed with a design that has no supported debug core(s) in it.
reset_run synth_1
launch_runs impl_1 -to_step write_bitstream -jobs 8
INFO: [Vivado 12-4149] The synthesis checkpoint for IP 'C:/Users/Juan_David/Desktop/Caco_funcionando_no_tocar/PROJECT_24_02_2019/Modulos en uso/ip/blk_mem_gen_0/blk_mem_gen_0.xci' is already up-to-date
INFO: [Vivado 12-4149] The synthesis checkpoint for IP 'C:/Users/Juan_David/Desktop/Caco_funcionando_no_tocar/PROJECT_24_02_2019/Modulos en uso/ip/clk_wiz_0/clk_wiz_0.xci' is already up-to-date
INFO: [Vivado 12-4149] The synthesis checkpoint for IP 'C:/Users/Juan_David/Desktop/Caco_funcionando_no_tocar/PROJECT_24_02_2019/Modulos en uso/ip/fifo_generator_0/fifo_generator_0.xci' is already up-to-date
[Wed Mar 13 15:25:20 2019] Launched synth_1...
Run output will be captured here: C:/Users/Juan_David/Desktop/Caco_funcionando_no_tocar/PROJECT_24_02_2019/PROJECT_24_02_2019.runs/synth_1/runme.log
[Wed Mar 13 15:25:20 2019] Launched impl_1...
Run output will be captured here: C:/Users/Juan_David/Desktop/Caco_funcionando_no_tocar/PROJECT_24_02_2019/PROJECT_24_02_2019.runs/impl_1/runme.log
set_property PROBES.FILE {} [get_hw_devices xc7a100t_0]
set_property FULL_PROBES.FILE {} [get_hw_devices xc7a100t_0]
set_property PROGRAM.FILE {C:/Users/Juan_David/Desktop/Caco_funcionando_no_tocar/PROJECT_24_02_2019/PROJECT_24_02_2019.runs/impl_1/Top_module.bit} [get_hw_devices xc7a100t_0]
program_hw_devices [get_hw_devices xc7a100t_0]
INFO: [Labtools 27-3164] End of startup status: HIGH
refresh_hw_device [lindex [get_hw_devices xc7a100t_0] 0]
INFO: [Labtools 27-1434] Device xc7a100t (JTAG device index = 0) is programmed with a design that has no supported debug core(s) in it.
reset_run synth_1
launch_runs impl_1 -to_step write_bitstream -jobs 8
INFO: [Vivado 12-4149] The synthesis checkpoint for IP 'C:/Users/Juan_David/Desktop/Caco_funcionando_no_tocar/PROJECT_24_02_2019/Modulos en uso/ip/blk_mem_gen_0/blk_mem_gen_0.xci' is already up-to-date
INFO: [Vivado 12-4149] The synthesis checkpoint for IP 'C:/Users/Juan_David/Desktop/Caco_funcionando_no_tocar/PROJECT_24_02_2019/Modulos en uso/ip/clk_wiz_0/clk_wiz_0.xci' is already up-to-date
INFO: [Vivado 12-4149] The synthesis checkpoint for IP 'C:/Users/Juan_David/Desktop/Caco_funcionando_no_tocar/PROJECT_24_02_2019/Modulos en uso/ip/fifo_generator_0/fifo_generator_0.xci' is already up-to-date
[Wed Mar 13 15:32:17 2019] Launched synth_1...
Run output will be captured here: C:/Users/Juan_David/Desktop/Caco_funcionando_no_tocar/PROJECT_24_02_2019/PROJECT_24_02_2019.runs/synth_1/runme.log
[Wed Mar 13 15:32:17 2019] Launched impl_1...
Run output will be captured here: C:/Users/Juan_David/Desktop/Caco_funcionando_no_tocar/PROJECT_24_02_2019/PROJECT_24_02_2019.runs/impl_1/runme.log
set_property PROBES.FILE {} [get_hw_devices xc7a100t_0]
set_property FULL_PROBES.FILE {} [get_hw_devices xc7a100t_0]
set_property PROGRAM.FILE {C:/Users/Juan_David/Desktop/Caco_funcionando_no_tocar/PROJECT_24_02_2019/PROJECT_24_02_2019.runs/impl_1/Top_module.bit} [get_hw_devices xc7a100t_0]
program_hw_devices [get_hw_devices xc7a100t_0]
INFO: [Labtools 27-3164] End of startup status: HIGH
refresh_hw_device [lindex [get_hw_devices xc7a100t_0] 0]
INFO: [Labtools 27-1434] Device xc7a100t (JTAG device index = 0) is programmed with a design that has no supported debug core(s) in it.
set_property PROBES.FILE {} [get_hw_devices xc7a100t_0]
set_property FULL_PROBES.FILE {} [get_hw_devices xc7a100t_0]
set_property PROGRAM.FILE {C:/Users/Juan_David/Desktop/Caco_funcionando_no_tocar/PROJECT_24_02_2019/PROJECT_24_02_2019.runs/impl_1/Top_module.bit} [get_hw_devices xc7a100t_0]
program_hw_devices [get_hw_devices xc7a100t_0]
INFO: [Labtools 27-3164] End of startup status: HIGH
refresh_hw_device [lindex [get_hw_devices xc7a100t_0] 0]
INFO: [Labtools 27-1434] Device xc7a100t (JTAG device index = 0) is programmed with a design that has no supported debug core(s) in it.
set_property PROBES.FILE {} [get_hw_devices xc7a100t_0]
set_property FULL_PROBES.FILE {} [get_hw_devices xc7a100t_0]
set_property PROGRAM.FILE {C:/Users/Juan_David/Desktop/Caco_funcionando_no_tocar/PROJECT_24_02_2019/PROJECT_24_02_2019.runs/impl_1/Top_module.bit} [get_hw_devices xc7a100t_0]
program_hw_devices [get_hw_devices xc7a100t_0]
INFO: [Labtools 27-3164] End of startup status: HIGH
refresh_hw_device [lindex [get_hw_devices xc7a100t_0] 0]
INFO: [Labtools 27-1434] Device xc7a100t (JTAG device index = 0) is programmed with a design that has no supported debug core(s) in it.
set_property PROBES.FILE {} [get_hw_devices xc7a100t_0]
set_property FULL_PROBES.FILE {} [get_hw_devices xc7a100t_0]
set_property PROGRAM.FILE {C:/Users/Juan_David/Desktop/Caco_funcionando_no_tocar/PROJECT_24_02_2019/PROJECT_24_02_2019.runs/impl_1/Top_module.bit} [get_hw_devices xc7a100t_0]
program_hw_devices [get_hw_devices xc7a100t_0]
INFO: [Labtools 27-3164] End of startup status: HIGH
refresh_hw_device [lindex [get_hw_devices xc7a100t_0] 0]
INFO: [Labtools 27-1434] Device xc7a100t (JTAG device index = 0) is programmed with a design that has no supported debug core(s) in it.
set_property PROBES.FILE {} [get_hw_devices xc7a100t_0]
set_property FULL_PROBES.FILE {} [get_hw_devices xc7a100t_0]
set_property PROGRAM.FILE {C:/Users/Juan_David/Desktop/Caco_funcionando_no_tocar/PROJECT_24_02_2019/PROJECT_24_02_2019.runs/impl_1/Top_module.bit} [get_hw_devices xc7a100t_0]
program_hw_devices [get_hw_devices xc7a100t_0]
INFO: [Labtools 27-3164] End of startup status: HIGH
refresh_hw_device [lindex [get_hw_devices xc7a100t_0] 0]
INFO: [Labtools 27-1434] Device xc7a100t (JTAG device index = 0) is programmed with a design that has no supported debug core(s) in it.
set_property PROBES.FILE {} [get_hw_devices xc7a100t_0]
set_property FULL_PROBES.FILE {} [get_hw_devices xc7a100t_0]
set_property PROGRAM.FILE {C:/Users/Juan_David/Desktop/Caco_funcionando_no_tocar/PROJECT_24_02_2019/PROJECT_24_02_2019.runs/impl_1/Top_module.bit} [get_hw_devices xc7a100t_0]
program_hw_devices [get_hw_devices xc7a100t_0]
INFO: [Labtools 27-3164] End of startup status: HIGH
refresh_hw_device [lindex [get_hw_devices xc7a100t_0] 0]
INFO: [Labtools 27-1434] Device xc7a100t (JTAG device index = 0) is programmed with a design that has no supported debug core(s) in it.
set_property PROBES.FILE {} [get_hw_devices xc7a100t_0]
set_property FULL_PROBES.FILE {} [get_hw_devices xc7a100t_0]
set_property PROGRAM.FILE {C:/Users/Juan_David/Desktop/Caco_funcionando_no_tocar/PROJECT_24_02_2019/PROJECT_24_02_2019.runs/impl_1/Top_module.bit} [get_hw_devices xc7a100t_0]
program_hw_devices [get_hw_devices xc7a100t_0]
INFO: [Labtools 27-3164] End of startup status: HIGH
refresh_hw_device [lindex [get_hw_devices xc7a100t_0] 0]
INFO: [Labtools 27-1434] Device xc7a100t (JTAG device index = 0) is programmed with a design that has no supported debug core(s) in it.
set_property PROBES.FILE {} [get_hw_devices xc7a100t_0]
set_property FULL_PROBES.FILE {} [get_hw_devices xc7a100t_0]
set_property PROGRAM.FILE {C:/Users/Juan_David/Desktop/Caco_funcionando_no_tocar/PROJECT_24_02_2019/PROJECT_24_02_2019.runs/impl_1/Top_module.bit} [get_hw_devices xc7a100t_0]
program_hw_devices [get_hw_devices xc7a100t_0]
INFO: [Labtools 27-3164] End of startup status: HIGH
refresh_hw_device [lindex [get_hw_devices xc7a100t_0] 0]
INFO: [Labtools 27-1434] Device xc7a100t (JTAG device index = 0) is programmed with a design that has no supported debug core(s) in it.
set_property PROBES.FILE {} [get_hw_devices xc7a100t_0]
set_property FULL_PROBES.FILE {} [get_hw_devices xc7a100t_0]
set_property PROGRAM.FILE {C:/Users/Juan_David/Desktop/Caco_funcionando_no_tocar/PROJECT_24_02_2019/PROJECT_24_02_2019.runs/impl_1/Top_module.bit} [get_hw_devices xc7a100t_0]
program_hw_devices [get_hw_devices xc7a100t_0]
INFO: [Labtools 27-3164] End of startup status: HIGH
refresh_hw_device [lindex [get_hw_devices xc7a100t_0] 0]
INFO: [Labtools 27-1434] Device xc7a100t (JTAG device index = 0) is programmed with a design that has no supported debug core(s) in it.
reset_run synth_1
launch_runs impl_1 -to_step write_bitstream -jobs 8
INFO: [Vivado 12-4149] The synthesis checkpoint for IP 'C:/Users/Juan_David/Desktop/Caco_funcionando_no_tocar/PROJECT_24_02_2019/Modulos en uso/ip/blk_mem_gen_0/blk_mem_gen_0.xci' is already up-to-date
INFO: [Vivado 12-4149] The synthesis checkpoint for IP 'C:/Users/Juan_David/Desktop/Caco_funcionando_no_tocar/PROJECT_24_02_2019/Modulos en uso/ip/clk_wiz_0/clk_wiz_0.xci' is already up-to-date
INFO: [Vivado 12-4149] The synthesis checkpoint for IP 'C:/Users/Juan_David/Desktop/Caco_funcionando_no_tocar/PROJECT_24_02_2019/Modulos en uso/ip/fifo_generator_0/fifo_generator_0.xci' is already up-to-date
[Wed Mar 13 15:55:23 2019] Launched synth_1...
Run output will be captured here: C:/Users/Juan_David/Desktop/Caco_funcionando_no_tocar/PROJECT_24_02_2019/PROJECT_24_02_2019.runs/synth_1/runme.log
[Wed Mar 13 15:55:23 2019] Launched impl_1...
Run output will be captured here: C:/Users/Juan_David/Desktop/Caco_funcionando_no_tocar/PROJECT_24_02_2019/PROJECT_24_02_2019.runs/impl_1/runme.log
set_property PROBES.FILE {} [get_hw_devices xc7a100t_0]
set_property FULL_PROBES.FILE {} [get_hw_devices xc7a100t_0]
set_property PROGRAM.FILE {C:/Users/Juan_David/Desktop/Caco_funcionando_no_tocar/PROJECT_24_02_2019/PROJECT_24_02_2019.runs/impl_1/Top_module.bit} [get_hw_devices xc7a100t_0]
program_hw_devices [get_hw_devices xc7a100t_0]
INFO: [Labtools 27-3164] End of startup status: HIGH
refresh_hw_device [lindex [get_hw_devices xc7a100t_0] 0]
INFO: [Labtools 27-1434] Device xc7a100t (JTAG device index = 0) is programmed with a design that has no supported debug core(s) in it.
set_property -dict [list CONFIG.Input_Depth {512} CONFIG.Output_Depth {512} CONFIG.Data_Count_Width {9} CONFIG.Write_Data_Count_Width {9} CONFIG.Read_Data_Count_Width {9} CONFIG.Full_Threshold_Assert_Value {509} CONFIG.Full_Threshold_Negate_Value {508}] [get_ips fifo_generator_0]
generate_target all [get_files  {{C:/Users/Juan_David/Desktop/Caco_funcionando_no_tocar/PROJECT_24_02_2019/Modulos en uso/ip/fifo_generator_0/fifo_generator_0.xci}}]
INFO: [IP_Flow 19-1686] Generating 'Instantiation Template' target for IP 'fifo_generator_0'...
INFO: [IP_Flow 19-1686] Generating 'Synthesis' target for IP 'fifo_generator_0'...
INFO: [IP_Flow 19-1686] Generating 'Simulation' target for IP 'fifo_generator_0'...
INFO: [IP_Flow 19-1686] Generating 'Change Log' target for IP 'fifo_generator_0'...
catch { config_ip_cache -export [get_ips -all fifo_generator_0] }
export_ip_user_files -of_objects [get_files {{C:/Users/Juan_David/Desktop/Caco_funcionando_no_tocar/PROJECT_24_02_2019/Modulos en uso/ip/fifo_generator_0/fifo_generator_0.xci}}] -no_script -sync -force -quiet
create_ip_run [get_files -of_objects [get_fileset sources_1] {{C:/Users/Juan_David/Desktop/Caco_funcionando_no_tocar/PROJECT_24_02_2019/Modulos en uso/ip/fifo_generator_0/fifo_generator_0.xci}}]
launch_runs -jobs 8 fifo_generator_0_synth_1
[Wed Mar 13 16:07:17 2019] Launched fifo_generator_0_synth_1...
Run output will be captured here: C:/Users/Juan_David/Desktop/Caco_funcionando_no_tocar/PROJECT_24_02_2019/PROJECT_24_02_2019.runs/fifo_generator_0_synth_1/runme.log
export_simulation -of_objects [get_files {{C:/Users/Juan_David/Desktop/Caco_funcionando_no_tocar/PROJECT_24_02_2019/Modulos en uso/ip/fifo_generator_0/fifo_generator_0.xci}}] -directory C:/Users/Juan_David/Desktop/Caco_funcionando_no_tocar/PROJECT_24_02_2019/PROJECT_24_02_2019.ip_user_files/sim_scripts -ip_user_files_dir C:/Users/Juan_David/Desktop/Caco_funcionando_no_tocar/PROJECT_24_02_2019/PROJECT_24_02_2019.ip_user_files -ipstatic_source_dir C:/Users/Juan_David/Desktop/Caco_funcionando_no_tocar/PROJECT_24_02_2019/PROJECT_24_02_2019.ip_user_files/ipstatic -lib_map_path [list {modelsim=C:/Users/Juan_David/Desktop/Caco_funcionando_no_tocar/PROJECT_24_02_2019/PROJECT_24_02_2019.cache/compile_simlib/modelsim} {questa=C:/Users/Juan_David/Desktop/Caco_funcionando_no_tocar/PROJECT_24_02_2019/PROJECT_24_02_2019.cache/compile_simlib/questa} {riviera=C:/Users/Juan_David/Desktop/Caco_funcionando_no_tocar/PROJECT_24_02_2019/PROJECT_24_02_2019.cache/compile_simlib/riviera} {activehdl=C:/Users/Juan_David/Desktop/Caco_funcionando_no_tocar/PROJECT_24_02_2019/PROJECT_24_02_2019.cache/compile_simlib/activehdl}] -use_ip_compiled_libs -force -quiet
reset_run synth_1
WARNING: [Vivado 12-1017] Problems encountered:
1. Failed to delete one or more files in run directory C:/Users/Juan_David/Desktop/Caco_funcionando_no_tocar/PROJECT_24_02_2019/PROJECT_24_02_2019.runs/synth_1

launch_runs impl_1 -to_step write_bitstream -jobs 8
INFO: [Vivado 12-4149] The synthesis checkpoint for IP 'C:/Users/Juan_David/Desktop/Caco_funcionando_no_tocar/PROJECT_24_02_2019/Modulos en uso/ip/blk_mem_gen_0/blk_mem_gen_0.xci' is already up-to-date
INFO: [Vivado 12-4149] The synthesis checkpoint for IP 'C:/Users/Juan_David/Desktop/Caco_funcionando_no_tocar/PROJECT_24_02_2019/Modulos en uso/ip/clk_wiz_0/clk_wiz_0.xci' is already up-to-date
[Wed Mar 13 16:07:41 2019] Launched fifo_generator_0_synth_1, synth_1...
Run output will be captured here:
fifo_generator_0_synth_1: C:/Users/Juan_David/Desktop/Caco_funcionando_no_tocar/PROJECT_24_02_2019/PROJECT_24_02_2019.runs/fifo_generator_0_synth_1/runme.log
synth_1: C:/Users/Juan_David/Desktop/Caco_funcionando_no_tocar/PROJECT_24_02_2019/PROJECT_24_02_2019.runs/synth_1/runme.log
[Wed Mar 13 16:07:41 2019] Launched impl_1...
Run output will be captured here: C:/Users/Juan_David/Desktop/Caco_funcionando_no_tocar/PROJECT_24_02_2019/PROJECT_24_02_2019.runs/impl_1/runme.log
set_property PROBES.FILE {} [get_hw_devices xc7a100t_0]
set_property FULL_PROBES.FILE {} [get_hw_devices xc7a100t_0]
set_property PROGRAM.FILE {C:/Users/Juan_David/Desktop/Caco_funcionando_no_tocar/PROJECT_24_02_2019/PROJECT_24_02_2019.runs/impl_1/Top_module.bit} [get_hw_devices xc7a100t_0]
program_hw_devices [get_hw_devices xc7a100t_0]
INFO: [Labtools 27-3164] End of startup status: HIGH
refresh_hw_device [lindex [get_hw_devices xc7a100t_0] 0]
INFO: [Labtools 27-1434] Device xc7a100t (JTAG device index = 0) is programmed with a design that has no supported debug core(s) in it.
set_property PROBES.FILE {} [get_hw_devices xc7a100t_0]
set_property FULL_PROBES.FILE {} [get_hw_devices xc7a100t_0]
set_property PROGRAM.FILE {C:/Users/Juan_David/Desktop/Caco_funcionando_no_tocar/PROJECT_24_02_2019/PROJECT_24_02_2019.runs/impl_1/Top_module.bit} [get_hw_devices xc7a100t_0]
program_hw_devices [get_hw_devices xc7a100t_0]
INFO: [Labtools 27-3164] End of startup status: HIGH
refresh_hw_device [lindex [get_hw_devices xc7a100t_0] 0]
INFO: [Labtools 27-1434] Device xc7a100t (JTAG device index = 0) is programmed with a design that has no supported debug core(s) in it.
reset_run synth_1
launch_runs impl_1 -to_step write_bitstream -jobs 8
INFO: [Vivado 12-4149] The synthesis checkpoint for IP 'C:/Users/Juan_David/Desktop/Caco_funcionando_no_tocar/PROJECT_24_02_2019/Modulos en uso/ip/blk_mem_gen_0/blk_mem_gen_0.xci' is already up-to-date
INFO: [Vivado 12-4149] The synthesis checkpoint for IP 'C:/Users/Juan_David/Desktop/Caco_funcionando_no_tocar/PROJECT_24_02_2019/Modulos en uso/ip/clk_wiz_0/clk_wiz_0.xci' is already up-to-date
[Wed Mar 13 16:19:15 2019] Launched synth_1...
Run output will be captured here: C:/Users/Juan_David/Desktop/Caco_funcionando_no_tocar/PROJECT_24_02_2019/PROJECT_24_02_2019.runs/synth_1/runme.log
[Wed Mar 13 16:19:15 2019] Launched impl_1...
Run output will be captured here: C:/Users/Juan_David/Desktop/Caco_funcionando_no_tocar/PROJECT_24_02_2019/PROJECT_24_02_2019.runs/impl_1/runme.log
set_property PROBES.FILE {} [get_hw_devices xc7a100t_0]
set_property FULL_PROBES.FILE {} [get_hw_devices xc7a100t_0]
set_property PROGRAM.FILE {C:/Users/Juan_David/Desktop/Caco_funcionando_no_tocar/PROJECT_24_02_2019/PROJECT_24_02_2019.runs/impl_1/Top_module.bit} [get_hw_devices xc7a100t_0]
program_hw_devices [get_hw_devices xc7a100t_0]
INFO: [Labtools 27-3164] End of startup status: HIGH
refresh_hw_device [lindex [get_hw_devices xc7a100t_0] 0]
INFO: [Labtools 27-1434] Device xc7a100t (JTAG device index = 0) is programmed with a design that has no supported debug core(s) in it.
open_run impl_1
INFO: [Netlist 29-17] Analyzing 632 Unisim elements for replacement
INFO: [Netlist 29-28] Unisim Transformation completed in 1 CPU seconds
INFO: [Project 1-479] Netlist was created with Vivado 2018.3
INFO: [Device 21-403] Loading part xc7a100tcsg324-1
INFO: [Project 1-570] Preparing netlist for logic optimization
WARNING: [Constraints 18-550] Could not create 'IBUF_LOW_PWR' constraint because net 'wiz_0/clk_in1' is not directly connected to top level port. Synthesis is ignored for IBUF_LOW_PWR but preserved for implementation.
INFO: [Timing 38-478] Restoring timing data from binary archive.
INFO: [Timing 38-479] Binary timing data restore complete.
INFO: [Project 1-856] Restoring constraints from binary archive.
INFO: [Project 1-853] Binary constraint restore complete.
Reading XDEF placement.
Reading placer database...
Reading XDEF routing.
Read XDEF File: Time (s): cpu = 00:00:02 ; elapsed = 00:00:01 . Memory (MB): peak = 2927.398 ; gain = 5.547
Restored from archive | CPU: 2.000000 secs | Memory: 0.000000 MB |
Finished XDEF File Restore: Time (s): cpu = 00:00:02 ; elapsed = 00:00:01 . Memory (MB): peak = 2927.398 ; gain = 5.547
Netlist sorting complete. Time (s): cpu = 00:00:00 ; elapsed = 00:00:00.006 . Memory (MB): peak = 2927.480 ; gain = 0.000
INFO: [Project 1-111] Unisim Transformation Summary:
  A total of 124 instances were transformed.
  IOBUFDS_INTERMDISABLE => IOBUFDS_INTERMDISABLE (IBUFDS_INTERMDISABLE_INT, IBUFDS_INTERMDISABLE_INT, INV, OBUFTDS, OBUFTDS): 2 instances
  IOBUF_INTERMDISABLE => IOBUF_INTERMDISABLE (IBUF_INTERMDISABLE, OBUFT): 16 instances
  OBUFDS => OBUFDS_DUAL_BUF (INV, OBUFDS, OBUFDS): 1 instances
  RAM32M => RAM32M (RAMD32, RAMD32, RAMD32, RAMD32, RAMD32, RAMD32, RAMS32, RAMS32): 104 instances
  SRLC32E => SRL16E: 1 instances

open_run: Time (s): cpu = 00:00:45 ; elapsed = 00:00:38 . Memory (MB): peak = 3117.160 ; gain = 698.246
open_report: Time (s): cpu = 00:00:12 ; elapsed = 00:00:08 . Memory (MB): peak = 3164.590 ; gain = 23.676
CRITICAL WARNING: [Timing 38-282] The design failed to meet the timing requirements. Please see the timing summary report for details on the timing violations.
WARNING: [Timing 38-436] There are set_bus_skew constraint(s) in this design. Please run report_bus_skew to ensure that bus skew requirements are met.
reset_run synth_1
launch_runs impl_1 -to_step write_bitstream -jobs 8
INFO: [Vivado 12-4149] The synthesis checkpoint for IP 'C:/Users/Juan_David/Desktop/Caco_funcionando_no_tocar/PROJECT_24_02_2019/Modulos en uso/ip/blk_mem_gen_0/blk_mem_gen_0.xci' is already up-to-date
INFO: [Vivado 12-4149] The synthesis checkpoint for IP 'C:/Users/Juan_David/Desktop/Caco_funcionando_no_tocar/PROJECT_24_02_2019/Modulos en uso/ip/clk_wiz_0/clk_wiz_0.xci' is already up-to-date
[Wed Mar 13 17:45:47 2019] Launched synth_1...
Run output will be captured here: C:/Users/Juan_David/Desktop/Caco_funcionando_no_tocar/PROJECT_24_02_2019/PROJECT_24_02_2019.runs/synth_1/runme.log
[Wed Mar 13 17:45:47 2019] Launched impl_1...
Run output will be captured here: C:/Users/Juan_David/Desktop/Caco_funcionando_no_tocar/PROJECT_24_02_2019/PROJECT_24_02_2019.runs/impl_1/runme.log
set_property PROBES.FILE {} [get_hw_devices xc7a100t_0]
set_property FULL_PROBES.FILE {} [get_hw_devices xc7a100t_0]
set_property PROGRAM.FILE {C:/Users/Juan_David/Desktop/Caco_funcionando_no_tocar/PROJECT_24_02_2019/PROJECT_24_02_2019.runs/impl_1/Top_module.bit} [get_hw_devices xc7a100t_0]
program_hw_devices [get_hw_devices xc7a100t_0]
INFO: [Labtools 27-3164] End of startup status: HIGH
refresh_hw_device [lindex [get_hw_devices xc7a100t_0] 0]
INFO: [Labtools 27-1434] Device xc7a100t (JTAG device index = 0) is programmed with a design that has no supported debug core(s) in it.
reset_run synth_1
launch_runs impl_1 -to_step write_bitstream -jobs 8
INFO: [Vivado 12-4149] The synthesis checkpoint for IP 'C:/Users/Juan_David/Desktop/Caco_funcionando_no_tocar/PROJECT_24_02_2019/Modulos en uso/ip/blk_mem_gen_0/blk_mem_gen_0.xci' is already up-to-date
INFO: [Vivado 12-4149] The synthesis checkpoint for IP 'C:/Users/Juan_David/Desktop/Caco_funcionando_no_tocar/PROJECT_24_02_2019/Modulos en uso/ip/clk_wiz_0/clk_wiz_0.xci' is already up-to-date
[Wed Mar 13 18:03:27 2019] Launched synth_1...
Run output will be captured here: C:/Users/Juan_David/Desktop/Caco_funcionando_no_tocar/PROJECT_24_02_2019/PROJECT_24_02_2019.runs/synth_1/runme.log
[Wed Mar 13 18:03:27 2019] Launched impl_1...
Run output will be captured here: C:/Users/Juan_David/Desktop/Caco_funcionando_no_tocar/PROJECT_24_02_2019/PROJECT_24_02_2019.runs/impl_1/runme.log
set_property PROBES.FILE {} [get_hw_devices xc7a100t_0]
set_property FULL_PROBES.FILE {} [get_hw_devices xc7a100t_0]
set_property PROGRAM.FILE {C:/Users/Juan_David/Desktop/Caco_funcionando_no_tocar/PROJECT_24_02_2019/PROJECT_24_02_2019.runs/impl_1/Top_module.bit} [get_hw_devices xc7a100t_0]
program_hw_devices [get_hw_devices xc7a100t_0]
INFO: [Labtools 27-3164] End of startup status: HIGH
refresh_hw_device [lindex [get_hw_devices xc7a100t_0] 0]
INFO: [Labtools 27-1434] Device xc7a100t (JTAG device index = 0) is programmed with a design that has no supported debug core(s) in it.
set_property PROBES.FILE {} [get_hw_devices xc7a100t_0]
set_property FULL_PROBES.FILE {} [get_hw_devices xc7a100t_0]
set_property PROGRAM.FILE {C:/Users/Juan_David/Desktop/Caco_funcionando_no_tocar/PROJECT_24_02_2019/PROJECT_24_02_2019.runs/impl_1/Top_module.bit} [get_hw_devices xc7a100t_0]
program_hw_devices [get_hw_devices xc7a100t_0]
INFO: [Labtools 27-3164] End of startup status: HIGH
refresh_hw_device [lindex [get_hw_devices xc7a100t_0] 0]
INFO: [Labtools 27-1434] Device xc7a100t (JTAG device index = 0) is programmed with a design that has no supported debug core(s) in it.
exit
INFO: [Common 17-206] Exiting Vivado at Wed Mar 13 18:23:40 2019...
