#-----------------------------------------------------------
# Vivado v2018.3 (64-bit)
# SW Build 2405991 on Thu Dec  6 23:38:27 MST 2018
# IP Build 2404404 on Fri Dec  7 01:43:56 MST 2018
# Start of session at: Wed Mar 13 11:34:57 2019
# Process ID: 5936
# Current directory: C:/Users/Juan_David/Desktop/Caco_funcionando_no_tocar/PROJECT_24_02_2019
# Command line: vivado.exe -gui_launcher_event rodinguilauncherevent5276 C:\Users\Juan_David\Desktop\Caco_funcionando_no_tocar\PROJECT_24_02_2019\PROJECT_24_02_2019.xpr
# Log file: C:/Users/Juan_David/Desktop/Caco_funcionando_no_tocar/PROJECT_24_02_2019/vivado.log
# Journal file: C:/Users/Juan_David/Desktop/Caco_funcionando_no_tocar/PROJECT_24_02_2019\vivado.jou
#-----------------------------------------------------------
start_gui
open_project C:/Users/Juan_David/Desktop/Caco_funcionando_no_tocar/PROJECT_24_02_2019/PROJECT_24_02_2019.xpr
Scanning sources...
Finished scanning sources
INFO: [IP_Flow 19-234] Refreshing IP repositories
INFO: [IP_Flow 19-1704] No user IP repositories specified
INFO: [IP_Flow 19-2313] Loaded Vivado IP repository 'C:/Xilinx/Vivado/2018.3/data/ip'.
open_project: Time (s): cpu = 00:00:23 ; elapsed = 00:00:18 . Memory (MB): peak = 867.078 ; gain = 256.523
update_compile_order -fileset sources_1
WARNING: [IP_Flow 19-4067] Ignoring invalid widget type specified checkbox.Providing a default widget
set_property -dict [list CONFIG.C_DATA_DEPTH {2048}] [get_ips ila_1]
generate_target all [get_files  C:/Users/Juan_David/Desktop/Caco_funcionando_no_tocar/PROJECT_24_02_2019/PROJECT_24_02_2019.srcs/sources_1/ip/ila_1/ila_1.xci]
INFO: [IP_Flow 19-1686] Generating 'Instantiation Template' target for IP 'ila_1'...
INFO: [IP_Flow 19-1686] Generating 'Synthesis' target for IP 'ila_1'...
WARNING: [IP_Flow 19-4994] Overwriting existing constraint file 'c:/Users/Juan_David/Desktop/Caco_funcionando_no_tocar/PROJECT_24_02_2019/PROJECT_24_02_2019.srcs/sources_1/ip/ila_1/ila_1_ooc.xdc'
INFO: [IP_Flow 19-1686] Generating 'Simulation' target for IP 'ila_1'...
INFO: [IP_Flow 19-1686] Generating 'Implementation' target for IP 'ila_1'...
INFO: [IP_Flow 19-1686] Generating 'Change Log' target for IP 'ila_1'...
catch { config_ip_cache -export [get_ips -all ila_1] }
export_ip_user_files -of_objects [get_files C:/Users/Juan_David/Desktop/Caco_funcionando_no_tocar/PROJECT_24_02_2019/PROJECT_24_02_2019.srcs/sources_1/ip/ila_1/ila_1.xci] -no_script -sync -force -quiet
reset_run ila_1_synth_1
launch_runs -jobs 8 ila_1_synth_1
[Wed Mar 13 11:40:29 2019] Launched ila_1_synth_1...
Run output will be captured here: C:/Users/Juan_David/Desktop/Caco_funcionando_no_tocar/PROJECT_24_02_2019/PROJECT_24_02_2019.runs/ila_1_synth_1/runme.log
export_simulation -of_objects [get_files C:/Users/Juan_David/Desktop/Caco_funcionando_no_tocar/PROJECT_24_02_2019/PROJECT_24_02_2019.srcs/sources_1/ip/ila_1/ila_1.xci] -directory C:/Users/Juan_David/Desktop/Caco_funcionando_no_tocar/PROJECT_24_02_2019/PROJECT_24_02_2019.ip_user_files/sim_scripts -ip_user_files_dir C:/Users/Juan_David/Desktop/Caco_funcionando_no_tocar/PROJECT_24_02_2019/PROJECT_24_02_2019.ip_user_files -ipstatic_source_dir C:/Users/Juan_David/Desktop/Caco_funcionando_no_tocar/PROJECT_24_02_2019/PROJECT_24_02_2019.ip_user_files/ipstatic -lib_map_path [list {modelsim=C:/Users/Juan_David/Desktop/Caco_funcionando_no_tocar/PROJECT_24_02_2019/PROJECT_24_02_2019.cache/compile_simlib/modelsim} {questa=C:/Users/Juan_David/Desktop/Caco_funcionando_no_tocar/PROJECT_24_02_2019/PROJECT_24_02_2019.cache/compile_simlib/questa} {riviera=C:/Users/Juan_David/Desktop/Caco_funcionando_no_tocar/PROJECT_24_02_2019/PROJECT_24_02_2019.cache/compile_simlib/riviera} {activehdl=C:/Users/Juan_David/Desktop/Caco_funcionando_no_tocar/PROJECT_24_02_2019/PROJECT_24_02_2019.cache/compile_simlib/activehdl}] -use_ip_compiled_libs -force -quiet
reset_run impl_1 -prev_step 
launch_runs impl_1 -to_step write_bitstream -jobs 8
INFO: [Vivado 12-4149] The synthesis checkpoint for IP 'C:/Users/Juan_David/Desktop/Caco_funcionando_no_tocar/PROJECT_24_02_2019/Modulos en uso/ip/blk_mem_gen_0/blk_mem_gen_0.xci' is already up-to-date
INFO: [Vivado 12-4149] The synthesis checkpoint for IP 'C:/Users/Juan_David/Desktop/Caco_funcionando_no_tocar/PROJECT_24_02_2019/Modulos en uso/ip/clk_wiz_0/clk_wiz_0.xci' is already up-to-date
INFO: [Vivado 12-4149] The synthesis checkpoint for IP 'C:/Users/Juan_David/Desktop/Caco_funcionando_no_tocar/PROJECT_24_02_2019/Modulos en uso/ip/fifo_generator_0/fifo_generator_0.xci' is already up-to-date
[Wed Mar 13 11:41:42 2019] Launched impl_1...
Run output will be captured here: C:/Users/Juan_David/Desktop/Caco_funcionando_no_tocar/PROJECT_24_02_2019/PROJECT_24_02_2019.runs/impl_1/runme.log
reset_run synth_1
WARNING: [Vivado 12-1017] Problems encountered:
1. PID not specified
2. Failed to delete one or more files in run directory C:/Users/Juan_David/Desktop/Caco_funcionando_no_tocar/PROJECT_24_02_2019/PROJECT_24_02_2019.runs/synth_1

launch_runs impl_1 -to_step write_bitstream -jobs 8
INFO: [Vivado 12-4149] The synthesis checkpoint for IP 'C:/Users/Juan_David/Desktop/Caco_funcionando_no_tocar/PROJECT_24_02_2019/Modulos en uso/ip/blk_mem_gen_0/blk_mem_gen_0.xci' is already up-to-date
INFO: [Vivado 12-4149] The synthesis checkpoint for IP 'C:/Users/Juan_David/Desktop/Caco_funcionando_no_tocar/PROJECT_24_02_2019/Modulos en uso/ip/clk_wiz_0/clk_wiz_0.xci' is already up-to-date
INFO: [Vivado 12-4149] The synthesis checkpoint for IP 'C:/Users/Juan_David/Desktop/Caco_funcionando_no_tocar/PROJECT_24_02_2019/Modulos en uso/ip/fifo_generator_0/fifo_generator_0.xci' is already up-to-date
[Wed Mar 13 11:41:44 2019] Launched ila_1_synth_1, synth_1...
Run output will be captured here:
ila_1_synth_1: C:/Users/Juan_David/Desktop/Caco_funcionando_no_tocar/PROJECT_24_02_2019/PROJECT_24_02_2019.runs/ila_1_synth_1/runme.log
synth_1: C:/Users/Juan_David/Desktop/Caco_funcionando_no_tocar/PROJECT_24_02_2019/PROJECT_24_02_2019.runs/synth_1/runme.log
[Wed Mar 13 11:41:44 2019] Launched impl_1...
Run output will be captured here: C:/Users/Juan_David/Desktop/Caco_funcionando_no_tocar/PROJECT_24_02_2019/PROJECT_24_02_2019.runs/impl_1/runme.log
reset_run synth_1
WARNING: [Vivado 12-1017] Problems encountered:
1. Failed to delete one or more files in run directory C:/Users/Juan_David/Desktop/Caco_funcionando_no_tocar/PROJECT_24_02_2019/PROJECT_24_02_2019.runs/synth_1

launch_runs impl_1 -to_step write_bitstream -jobs 8
INFO: [Vivado 12-4149] The synthesis checkpoint for IP 'C:/Users/Juan_David/Desktop/Caco_funcionando_no_tocar/PROJECT_24_02_2019/Modulos en uso/ip/blk_mem_gen_0/blk_mem_gen_0.xci' is already up-to-date
INFO: [Vivado 12-4149] The synthesis checkpoint for IP 'C:/Users/Juan_David/Desktop/Caco_funcionando_no_tocar/PROJECT_24_02_2019/Modulos en uso/ip/clk_wiz_0/clk_wiz_0.xci' is already up-to-date
INFO: [Vivado 12-4149] The synthesis checkpoint for IP 'C:/Users/Juan_David/Desktop/Caco_funcionando_no_tocar/PROJECT_24_02_2019/Modulos en uso/ip/fifo_generator_0/fifo_generator_0.xci' is already up-to-date
[Wed Mar 13 11:42:17 2019] Launched ila_1_synth_1, synth_1...
Run output will be captured here:
ila_1_synth_1: C:/Users/Juan_David/Desktop/Caco_funcionando_no_tocar/PROJECT_24_02_2019/PROJECT_24_02_2019.runs/ila_1_synth_1/runme.log
synth_1: C:/Users/Juan_David/Desktop/Caco_funcionando_no_tocar/PROJECT_24_02_2019/PROJECT_24_02_2019.runs/synth_1/runme.log
[Wed Mar 13 11:42:17 2019] Launched impl_1...
Run output will be captured here: C:/Users/Juan_David/Desktop/Caco_funcionando_no_tocar/PROJECT_24_02_2019/PROJECT_24_02_2019.runs/impl_1/runme.log
WARNING: [IP_Flow 19-4067] Ignoring invalid widget type specified checkbox.Providing a default widget
set_property -dict [list CONFIG.C_DATA_DEPTH {1024}] [get_ips ila_1]
generate_target all [get_files  C:/Users/Juan_David/Desktop/Caco_funcionando_no_tocar/PROJECT_24_02_2019/PROJECT_24_02_2019.srcs/sources_1/ip/ila_1/ila_1.xci]
INFO: [IP_Flow 19-1686] Generating 'Instantiation Template' target for IP 'ila_1'...
INFO: [IP_Flow 19-1686] Generating 'Synthesis' target for IP 'ila_1'...
WARNING: [IP_Flow 19-4994] Overwriting existing constraint file 'c:/Users/Juan_David/Desktop/Caco_funcionando_no_tocar/PROJECT_24_02_2019/PROJECT_24_02_2019.srcs/sources_1/ip/ila_1/ila_1_ooc.xdc'
INFO: [IP_Flow 19-1686] Generating 'Simulation' target for IP 'ila_1'...
INFO: [IP_Flow 19-1686] Generating 'Implementation' target for IP 'ila_1'...
INFO: [IP_Flow 19-1686] Generating 'Change Log' target for IP 'ila_1'...
catch { config_ip_cache -export [get_ips -all ila_1] }
export_ip_user_files -of_objects [get_files C:/Users/Juan_David/Desktop/Caco_funcionando_no_tocar/PROJECT_24_02_2019/PROJECT_24_02_2019.srcs/sources_1/ip/ila_1/ila_1.xci] -no_script -sync -force -quiet
reset_run ila_1_synth_1
launch_runs -jobs 8 ila_1_synth_1
[Wed Mar 13 11:49:08 2019] Launched ila_1_synth_1...
Run output will be captured here: C:/Users/Juan_David/Desktop/Caco_funcionando_no_tocar/PROJECT_24_02_2019/PROJECT_24_02_2019.runs/ila_1_synth_1/runme.log
export_simulation -of_objects [get_files C:/Users/Juan_David/Desktop/Caco_funcionando_no_tocar/PROJECT_24_02_2019/PROJECT_24_02_2019.srcs/sources_1/ip/ila_1/ila_1.xci] -directory C:/Users/Juan_David/Desktop/Caco_funcionando_no_tocar/PROJECT_24_02_2019/PROJECT_24_02_2019.ip_user_files/sim_scripts -ip_user_files_dir C:/Users/Juan_David/Desktop/Caco_funcionando_no_tocar/PROJECT_24_02_2019/PROJECT_24_02_2019.ip_user_files -ipstatic_source_dir C:/Users/Juan_David/Desktop/Caco_funcionando_no_tocar/PROJECT_24_02_2019/PROJECT_24_02_2019.ip_user_files/ipstatic -lib_map_path [list {modelsim=C:/Users/Juan_David/Desktop/Caco_funcionando_no_tocar/PROJECT_24_02_2019/PROJECT_24_02_2019.cache/compile_simlib/modelsim} {questa=C:/Users/Juan_David/Desktop/Caco_funcionando_no_tocar/PROJECT_24_02_2019/PROJECT_24_02_2019.cache/compile_simlib/questa} {riviera=C:/Users/Juan_David/Desktop/Caco_funcionando_no_tocar/PROJECT_24_02_2019/PROJECT_24_02_2019.cache/compile_simlib/riviera} {activehdl=C:/Users/Juan_David/Desktop/Caco_funcionando_no_tocar/PROJECT_24_02_2019/PROJECT_24_02_2019.cache/compile_simlib/activehdl}] -use_ip_compiled_libs -force -quiet
reset_run synth_1
WARNING: [Vivado 12-1017] Problems encountered:
1. Failed to delete one or more files in run directory C:/Users/Juan_David/Desktop/Caco_funcionando_no_tocar/PROJECT_24_02_2019/PROJECT_24_02_2019.runs/synth_1

launch_runs impl_1 -to_step write_bitstream -jobs 8
INFO: [Vivado 12-4149] The synthesis checkpoint for IP 'C:/Users/Juan_David/Desktop/Caco_funcionando_no_tocar/PROJECT_24_02_2019/Modulos en uso/ip/blk_mem_gen_0/blk_mem_gen_0.xci' is already up-to-date
INFO: [Vivado 12-4149] The synthesis checkpoint for IP 'C:/Users/Juan_David/Desktop/Caco_funcionando_no_tocar/PROJECT_24_02_2019/Modulos en uso/ip/clk_wiz_0/clk_wiz_0.xci' is already up-to-date
INFO: [Vivado 12-4149] The synthesis checkpoint for IP 'C:/Users/Juan_David/Desktop/Caco_funcionando_no_tocar/PROJECT_24_02_2019/Modulos en uso/ip/fifo_generator_0/fifo_generator_0.xci' is already up-to-date
[Wed Mar 13 11:49:24 2019] Launched ila_1_synth_1, synth_1...
Run output will be captured here:
ila_1_synth_1: C:/Users/Juan_David/Desktop/Caco_funcionando_no_tocar/PROJECT_24_02_2019/PROJECT_24_02_2019.runs/ila_1_synth_1/runme.log
synth_1: C:/Users/Juan_David/Desktop/Caco_funcionando_no_tocar/PROJECT_24_02_2019/PROJECT_24_02_2019.runs/synth_1/runme.log
[Wed Mar 13 11:49:24 2019] Launched impl_1...
Run output will be captured here: C:/Users/Juan_David/Desktop/Caco_funcionando_no_tocar/PROJECT_24_02_2019/PROJECT_24_02_2019.runs/impl_1/runme.log
reset_run synth_1
WARNING: [Vivado 12-1017] Problems encountered:
1. Failed to delete one or more files in run directory C:/Users/Juan_David/Desktop/Caco_funcionando_no_tocar/PROJECT_24_02_2019/PROJECT_24_02_2019.runs/synth_1

launch_runs impl_1 -to_step write_bitstream -jobs 8
INFO: [Vivado 12-4149] The synthesis checkpoint for IP 'C:/Users/Juan_David/Desktop/Caco_funcionando_no_tocar/PROJECT_24_02_2019/Modulos en uso/ip/blk_mem_gen_0/blk_mem_gen_0.xci' is already up-to-date
INFO: [Vivado 12-4149] The synthesis checkpoint for IP 'C:/Users/Juan_David/Desktop/Caco_funcionando_no_tocar/PROJECT_24_02_2019/Modulos en uso/ip/clk_wiz_0/clk_wiz_0.xci' is already up-to-date
INFO: [Vivado 12-4149] The synthesis checkpoint for IP 'C:/Users/Juan_David/Desktop/Caco_funcionando_no_tocar/PROJECT_24_02_2019/Modulos en uso/ip/fifo_generator_0/fifo_generator_0.xci' is already up-to-date
[Wed Mar 13 11:49:27 2019] Launched ila_1_synth_1, synth_1...
Run output will be captured here:
ila_1_synth_1: C:/Users/Juan_David/Desktop/Caco_funcionando_no_tocar/PROJECT_24_02_2019/PROJECT_24_02_2019.runs/ila_1_synth_1/runme.log
synth_1: C:/Users/Juan_David/Desktop/Caco_funcionando_no_tocar/PROJECT_24_02_2019/PROJECT_24_02_2019.runs/synth_1/runme.log
[Wed Mar 13 11:49:28 2019] Launched impl_1...
Run output will be captured here: C:/Users/Juan_David/Desktop/Caco_funcionando_no_tocar/PROJECT_24_02_2019/PROJECT_24_02_2019.runs/impl_1/runme.log
reset_run impl_1 -prev_step 
launch_runs impl_1 -to_step write_bitstream -jobs 8
INFO: [Vivado 12-4149] The synthesis checkpoint for IP 'C:/Users/Juan_David/Desktop/Caco_funcionando_no_tocar/PROJECT_24_02_2019/Modulos en uso/ip/blk_mem_gen_0/blk_mem_gen_0.xci' is already up-to-date
INFO: [Vivado 12-4149] The synthesis checkpoint for IP 'C:/Users/Juan_David/Desktop/Caco_funcionando_no_tocar/PROJECT_24_02_2019/Modulos en uso/ip/clk_wiz_0/clk_wiz_0.xci' is already up-to-date
INFO: [Vivado 12-4149] The synthesis checkpoint for IP 'C:/Users/Juan_David/Desktop/Caco_funcionando_no_tocar/PROJECT_24_02_2019/Modulos en uso/ip/fifo_generator_0/fifo_generator_0.xci' is already up-to-date
[Wed Mar 13 12:10:40 2019] Launched impl_1...
Run output will be captured here: C:/Users/Juan_David/Desktop/Caco_funcionando_no_tocar/PROJECT_24_02_2019/PROJECT_24_02_2019.runs/impl_1/runme.log
reset_run impl_1 -prev_step 
WARNING: [Vivado 12-1017] Problems encountered:
1. PID not specified

reset_run synth_1
launch_runs impl_1 -to_step write_bitstream -jobs 8
INFO: [Vivado 12-4149] The synthesis checkpoint for IP 'C:/Users/Juan_David/Desktop/Caco_funcionando_no_tocar/PROJECT_24_02_2019/Modulos en uso/ip/blk_mem_gen_0/blk_mem_gen_0.xci' is already up-to-date
INFO: [Vivado 12-4149] The synthesis checkpoint for IP 'C:/Users/Juan_David/Desktop/Caco_funcionando_no_tocar/PROJECT_24_02_2019/Modulos en uso/ip/clk_wiz_0/clk_wiz_0.xci' is already up-to-date
INFO: [Vivado 12-4149] The synthesis checkpoint for IP 'C:/Users/Juan_David/Desktop/Caco_funcionando_no_tocar/PROJECT_24_02_2019/Modulos en uso/ip/fifo_generator_0/fifo_generator_0.xci' is already up-to-date
[Wed Mar 13 12:10:59 2019] Launched synth_1...
Run output will be captured here: C:/Users/Juan_David/Desktop/Caco_funcionando_no_tocar/PROJECT_24_02_2019/PROJECT_24_02_2019.runs/synth_1/runme.log
[Wed Mar 13 12:10:59 2019] Launched impl_1...
Run output will be captured here: C:/Users/Juan_David/Desktop/Caco_funcionando_no_tocar/PROJECT_24_02_2019/PROJECT_24_02_2019.runs/impl_1/runme.log
reset_run synth_1
WARNING: [Vivado 12-1017] Problems encountered:
1. PID not specified

launch_runs impl_1 -to_step write_bitstream -jobs 8
INFO: [Vivado 12-4149] The synthesis checkpoint for IP 'C:/Users/Juan_David/Desktop/Caco_funcionando_no_tocar/PROJECT_24_02_2019/Modulos en uso/ip/blk_mem_gen_0/blk_mem_gen_0.xci' is already up-to-date
INFO: [Vivado 12-4149] The synthesis checkpoint for IP 'C:/Users/Juan_David/Desktop/Caco_funcionando_no_tocar/PROJECT_24_02_2019/Modulos en uso/ip/clk_wiz_0/clk_wiz_0.xci' is already up-to-date
INFO: [Vivado 12-4149] The synthesis checkpoint for IP 'C:/Users/Juan_David/Desktop/Caco_funcionando_no_tocar/PROJECT_24_02_2019/Modulos en uso/ip/fifo_generator_0/fifo_generator_0.xci' is already up-to-date
[Wed Mar 13 12:11:02 2019] Launched synth_1...
Run output will be captured here: C:/Users/Juan_David/Desktop/Caco_funcionando_no_tocar/PROJECT_24_02_2019/PROJECT_24_02_2019.runs/synth_1/runme.log
[Wed Mar 13 12:11:02 2019] Launched impl_1...
Run output will be captured here: C:/Users/Juan_David/Desktop/Caco_funcionando_no_tocar/PROJECT_24_02_2019/PROJECT_24_02_2019.runs/impl_1/runme.log
reset_run impl_1
reset_run synth_1
launch_runs impl_1 -to_step write_bitstream -jobs 8
INFO: [Vivado 12-4149] The synthesis checkpoint for IP 'C:/Users/Juan_David/Desktop/Caco_funcionando_no_tocar/PROJECT_24_02_2019/Modulos en uso/ip/blk_mem_gen_0/blk_mem_gen_0.xci' is already up-to-date
INFO: [Vivado 12-4149] The synthesis checkpoint for IP 'C:/Users/Juan_David/Desktop/Caco_funcionando_no_tocar/PROJECT_24_02_2019/Modulos en uso/ip/clk_wiz_0/clk_wiz_0.xci' is already up-to-date
INFO: [Vivado 12-4149] The synthesis checkpoint for IP 'C:/Users/Juan_David/Desktop/Caco_funcionando_no_tocar/PROJECT_24_02_2019/Modulos en uso/ip/fifo_generator_0/fifo_generator_0.xci' is already up-to-date
[Wed Mar 13 12:16:03 2019] Launched synth_1...
Run output will be captured here: C:/Users/Juan_David/Desktop/Caco_funcionando_no_tocar/PROJECT_24_02_2019/PROJECT_24_02_2019.runs/synth_1/runme.log
[Wed Mar 13 12:16:03 2019] Launched impl_1...
Run output will be captured here: C:/Users/Juan_David/Desktop/Caco_funcionando_no_tocar/PROJECT_24_02_2019/PROJECT_24_02_2019.runs/impl_1/runme.log
open_hw
connect_hw_server
INFO: [Labtools 27-2285] Connecting to hw_server url TCP:localhost:3121
INFO: [Labtools 27-2222] Launching hw_server...
INFO: [Labtools 27-2221] Launch Output:

****** Xilinx hw_server v2018.3
  **** Build date : Dec  7 2018-00:40:27
    ** Copyright 1986-2018 Xilinx, Inc. All Rights Reserved.


connect_hw_server: Time (s): cpu = 00:00:01 ; elapsed = 00:00:05 . Memory (MB): peak = 1221.242 ; gain = 0.000
open_hw_target
INFO: [Labtoolstcl 44-466] Opening hw_target localhost:3121/xilinx_tcf/Digilent/210292A3FCA1A
set_property PROGRAM.FILE {C:/Users/Juan_David/Desktop/Caco_funcionando_no_tocar/PROJECT_24_02_2019/PROJECT_24_02_2019.runs/impl_1/Top_module.bit} [get_hw_devices xc7a100t_0]
current_hw_device [get_hw_devices xc7a100t_0]
refresh_hw_device -update_hw_probes false [lindex [get_hw_devices xc7a100t_0] 0]
INFO: [Labtools 27-1434] Device xc7a100t (JTAG device index = 0) is programmed with a design that has no supported debug core(s) in it.
reset_run synth_1
launch_runs impl_1 -to_step write_bitstream -jobs 8
INFO: [Vivado 12-4149] The synthesis checkpoint for IP 'C:/Users/Juan_David/Desktop/Caco_funcionando_no_tocar/PROJECT_24_02_2019/Modulos en uso/ip/blk_mem_gen_0/blk_mem_gen_0.xci' is already up-to-date
INFO: [Vivado 12-4149] The synthesis checkpoint for IP 'C:/Users/Juan_David/Desktop/Caco_funcionando_no_tocar/PROJECT_24_02_2019/Modulos en uso/ip/clk_wiz_0/clk_wiz_0.xci' is already up-to-date
INFO: [Vivado 12-4149] The synthesis checkpoint for IP 'C:/Users/Juan_David/Desktop/Caco_funcionando_no_tocar/PROJECT_24_02_2019/Modulos en uso/ip/fifo_generator_0/fifo_generator_0.xci' is already up-to-date
[Wed Mar 13 12:34:55 2019] Launched synth_1...
Run output will be captured here: C:/Users/Juan_David/Desktop/Caco_funcionando_no_tocar/PROJECT_24_02_2019/PROJECT_24_02_2019.runs/synth_1/runme.log
[Wed Mar 13 12:34:55 2019] Launched impl_1...
Run output will be captured here: C:/Users/Juan_David/Desktop/Caco_funcionando_no_tocar/PROJECT_24_02_2019/PROJECT_24_02_2019.runs/impl_1/runme.log
reset_run impl_1
reset_run synth_1
launch_runs impl_1 -to_step write_bitstream -jobs 8
INFO: [Vivado 12-4149] The synthesis checkpoint for IP 'C:/Users/Juan_David/Desktop/Caco_funcionando_no_tocar/PROJECT_24_02_2019/Modulos en uso/ip/blk_mem_gen_0/blk_mem_gen_0.xci' is already up-to-date
INFO: [Vivado 12-4149] The synthesis checkpoint for IP 'C:/Users/Juan_David/Desktop/Caco_funcionando_no_tocar/PROJECT_24_02_2019/Modulos en uso/ip/clk_wiz_0/clk_wiz_0.xci' is already up-to-date
INFO: [Vivado 12-4149] The synthesis checkpoint for IP 'C:/Users/Juan_David/Desktop/Caco_funcionando_no_tocar/PROJECT_24_02_2019/Modulos en uso/ip/fifo_generator_0/fifo_generator_0.xci' is already up-to-date
[Wed Mar 13 12:38:01 2019] Launched synth_1...
Run output will be captured here: C:/Users/Juan_David/Desktop/Caco_funcionando_no_tocar/PROJECT_24_02_2019/PROJECT_24_02_2019.runs/synth_1/runme.log
[Wed Mar 13 12:38:01 2019] Launched impl_1...
Run output will be captured here: C:/Users/Juan_David/Desktop/Caco_funcionando_no_tocar/PROJECT_24_02_2019/PROJECT_24_02_2019.runs/impl_1/runme.log
reset_run impl_1
reset_run synth_1
launch_runs impl_1 -to_step write_bitstream -jobs 8
INFO: [Vivado 12-4149] The synthesis checkpoint for IP 'C:/Users/Juan_David/Desktop/Caco_funcionando_no_tocar/PROJECT_24_02_2019/Modulos en uso/ip/blk_mem_gen_0/blk_mem_gen_0.xci' is already up-to-date
INFO: [Vivado 12-4149] The synthesis checkpoint for IP 'C:/Users/Juan_David/Desktop/Caco_funcionando_no_tocar/PROJECT_24_02_2019/Modulos en uso/ip/clk_wiz_0/clk_wiz_0.xci' is already up-to-date
INFO: [Vivado 12-4149] The synthesis checkpoint for IP 'C:/Users/Juan_David/Desktop/Caco_funcionando_no_tocar/PROJECT_24_02_2019/Modulos en uso/ip/fifo_generator_0/fifo_generator_0.xci' is already up-to-date
[Wed Mar 13 12:46:24 2019] Launched synth_1...
Run output will be captured here: C:/Users/Juan_David/Desktop/Caco_funcionando_no_tocar/PROJECT_24_02_2019/PROJECT_24_02_2019.runs/synth_1/runme.log
[Wed Mar 13 12:46:25 2019] Launched impl_1...
Run output will be captured here: C:/Users/Juan_David/Desktop/Caco_funcionando_no_tocar/PROJECT_24_02_2019/PROJECT_24_02_2019.runs/impl_1/runme.log
reset_run synth_1
WARNING: [Vivado 12-1017] Problems encountered:
1. PID not specified

launch_runs impl_1 -to_step write_bitstream -jobs 8
INFO: [Vivado 12-4149] The synthesis checkpoint for IP 'C:/Users/Juan_David/Desktop/Caco_funcionando_no_tocar/PROJECT_24_02_2019/Modulos en uso/ip/blk_mem_gen_0/blk_mem_gen_0.xci' is already up-to-date
INFO: [Vivado 12-4149] The synthesis checkpoint for IP 'C:/Users/Juan_David/Desktop/Caco_funcionando_no_tocar/PROJECT_24_02_2019/Modulos en uso/ip/clk_wiz_0/clk_wiz_0.xci' is already up-to-date
INFO: [Vivado 12-4149] The synthesis checkpoint for IP 'C:/Users/Juan_David/Desktop/Caco_funcionando_no_tocar/PROJECT_24_02_2019/Modulos en uso/ip/fifo_generator_0/fifo_generator_0.xci' is already up-to-date
[Wed Mar 13 12:46:27 2019] Launched synth_1...
Run output will be captured here: C:/Users/Juan_David/Desktop/Caco_funcionando_no_tocar/PROJECT_24_02_2019/PROJECT_24_02_2019.runs/synth_1/runme.log
[Wed Mar 13 12:46:27 2019] Launched impl_1...
Run output will be captured here: C:/Users/Juan_David/Desktop/Caco_funcionando_no_tocar/PROJECT_24_02_2019/PROJECT_24_02_2019.runs/impl_1/runme.log
ERROR: [Labtoolstcl 44-513] HW Target shutdown. Closing target: localhost:3121/xilinx_tcf/Digilent/210292A3FCA1A
