#-----------------------------------------------------------
# Vivado v2018.3 (64-bit)
# SW Build 2405991 on Thu Dec  6 23:38:27 MST 2018
# IP Build 2404404 on Fri Dec  7 01:43:56 MST 2018
# Start of session at: Thu Mar  7 21:20:16 2019
# Process ID: 4760
# Current directory: C:/Users/Carlos/Desktop/proyecto sd/Caco_funcionando_no_tocar/PROJECT_24_02_2019
# Command line: vivado.exe -gui_launcher_event rodinguilauncherevent4196 C:\Users\Carlos\Desktop\proyecto sd\Caco_funcionando_no_tocar\PROJECT_24_02_2019\PROJECT_24_02_2019.xpr
# Log file: C:/Users/Carlos/Desktop/proyecto sd/Caco_funcionando_no_tocar/PROJECT_24_02_2019/vivado.log
# Journal file: C:/Users/Carlos/Desktop/proyecto sd/Caco_funcionando_no_tocar/PROJECT_24_02_2019\vivado.jou
#-----------------------------------------------------------
start_gui
open_project {C:/Users/Carlos/Desktop/proyecto sd/Caco_funcionando_no_tocar/PROJECT_24_02_2019/PROJECT_24_02_2019.xpr}
INFO: [Project 1-313] Project file moved from 'C:/Users/Juan_David/Desktop/Caco_funcionando_no_tocar/PROJECT_24_02_2019' since last save.
Scanning sources...
Finished scanning sources
INFO: [IP_Flow 19-234] Refreshing IP repositories
INFO: [IP_Flow 19-1704] No user IP repositories specified
INFO: [IP_Flow 19-2313] Loaded Vivado IP repository 'C:/Xilinx/Vivado/2018.3/data/ip'.
open_project: Time (s): cpu = 00:00:40 ; elapsed = 00:00:30 . Memory (MB): peak = 812.262 ; gain = 234.234
update_compile_order -fileset sources_1
open_hw
connect_hw_server
INFO: [Labtools 27-2285] Connecting to hw_server url TCP:localhost:3121
INFO: [Labtools 27-2222] Launching hw_server...
INFO: [Labtools 27-2221] Launch Output:

****** Xilinx hw_server v2018.3
  **** Build date : Dec  7 2018-00:40:27
    ** Copyright 1986-2018 Xilinx, Inc. All Rights Reserved.


open_hw_target
INFO: [Labtoolstcl 44-466] Opening hw_target localhost:3121/xilinx_tcf/Digilent/210292708918A
open_hw_target: Time (s): cpu = 00:00:07 ; elapsed = 00:00:07 . Memory (MB): peak = 1840.703 ; gain = 628.359
set_property PROGRAM.FILE {C:/Users/Carlos/Desktop/proyecto sd/Caco_funcionando_no_tocar/PROJECT_24_02_2019/PROJECT_24_02_2019.runs/impl_1/Top_module.bit} [get_hw_devices xc7a100t_0]
current_hw_device [get_hw_devices xc7a100t_0]
refresh_hw_device -update_hw_probes false [lindex [get_hw_devices xc7a100t_0] 0]
INFO: [Labtools 27-1434] Device xc7a100t (JTAG device index = 0) is programmed with a design that has no supported debug core(s) in it.
set_property PROBES.FILE {} [get_hw_devices xc7a100t_0]
set_property FULL_PROBES.FILE {} [get_hw_devices xc7a100t_0]
set_property PROGRAM.FILE {C:/Users/Carlos/Desktop/proyecto sd/Caco_funcionando_no_tocar/PROJECT_24_02_2019/PROJECT_24_02_2019.runs/impl_1/Top_module.bit} [get_hw_devices xc7a100t_0]
program_hw_devices [get_hw_devices xc7a100t_0]
INFO: [Labtools 27-3164] End of startup status: HIGH
refresh_hw_device [lindex [get_hw_devices xc7a100t_0] 0]
INFO: [Labtools 27-1434] Device xc7a100t (JTAG device index = 0) is programmed with a design that has no supported debug core(s) in it.
set_property PROBES.FILE {} [get_hw_devices xc7a100t_0]
set_property FULL_PROBES.FILE {} [get_hw_devices xc7a100t_0]
set_property PROGRAM.FILE {C:/Users/Carlos/Desktop/proyecto sd/Caco_funcionando_no_tocar/PROJECT_24_02_2019/PROJECT_24_02_2019.runs/impl_1/Top_module.bit} [get_hw_devices xc7a100t_0]
program_hw_devices [get_hw_devices xc7a100t_0]
INFO: [Labtools 27-3164] End of startup status: HIGH
refresh_hw_device [lindex [get_hw_devices xc7a100t_0] 0]
INFO: [Labtools 27-1434] Device xc7a100t (JTAG device index = 0) is programmed with a design that has no supported debug core(s) in it.
set_property PROBES.FILE {} [get_hw_devices xc7a100t_0]
set_property FULL_PROBES.FILE {} [get_hw_devices xc7a100t_0]
set_property PROGRAM.FILE {C:/Users/Carlos/Desktop/proyecto sd/Caco_funcionando_no_tocar/PROJECT_24_02_2019/PROJECT_24_02_2019.runs/impl_1/Top_module.bit} [get_hw_devices xc7a100t_0]
program_hw_devices [get_hw_devices xc7a100t_0]
INFO: [Labtools 27-3164] End of startup status: HIGH
refresh_hw_device [lindex [get_hw_devices xc7a100t_0] 0]
INFO: [Labtools 27-1434] Device xc7a100t (JTAG device index = 0) is programmed with a design that has no supported debug core(s) in it.
add_files -norecurse -scan_for_includes {{C:/Users/Carlos/Desktop/proyecto sd/Caco_funcionando_no_tocar/PROJECT_24_02_2019/Modulos en uso/Dithering.sv}}
update_compile_order -fileset sources_1
reset_run synth_1
launch_runs impl_1 -to_step write_bitstream -jobs 4
INFO: [Vivado 12-4149] The synthesis checkpoint for IP 'C:/Users/Carlos/Desktop/proyecto sd/Caco_funcionando_no_tocar/PROJECT_24_02_2019/Modulos en uso/ip/blk_mem_gen_0/blk_mem_gen_0.xci' is already up-to-date
INFO: [Vivado 12-4149] The synthesis checkpoint for IP 'C:/Users/Carlos/Desktop/proyecto sd/Caco_funcionando_no_tocar/PROJECT_24_02_2019/Modulos en uso/ip/clk_wiz_0/clk_wiz_0.xci' is already up-to-date
INFO: [Vivado 12-4149] The synthesis checkpoint for IP 'C:/Users/Carlos/Desktop/proyecto sd/Caco_funcionando_no_tocar/PROJECT_24_02_2019/Modulos en uso/ip/fifo_generator_0/fifo_generator_0.xci' is already up-to-date
[Thu Mar  7 21:39:07 2019] Launched synth_1...
Run output will be captured here: C:/Users/Carlos/Desktop/proyecto sd/Caco_funcionando_no_tocar/PROJECT_24_02_2019/PROJECT_24_02_2019.runs/synth_1/runme.log
[Thu Mar  7 21:39:07 2019] Launched impl_1...
Run output will be captured here: C:/Users/Carlos/Desktop/proyecto sd/Caco_funcionando_no_tocar/PROJECT_24_02_2019/PROJECT_24_02_2019.runs/impl_1/runme.log
set_property PROBES.FILE {} [get_hw_devices xc7a100t_0]
set_property FULL_PROBES.FILE {} [get_hw_devices xc7a100t_0]
set_property PROGRAM.FILE {C:/Users/Carlos/Desktop/proyecto sd/Caco_funcionando_no_tocar/PROJECT_24_02_2019/PROJECT_24_02_2019.runs/impl_1/Top_module.bit} [get_hw_devices xc7a100t_0]
program_hw_devices [get_hw_devices xc7a100t_0]
INFO: [Labtools 27-3164] End of startup status: HIGH
refresh_hw_device [lindex [get_hw_devices xc7a100t_0] 0]
INFO: [Labtools 27-1434] Device xc7a100t (JTAG device index = 0) is programmed with a design that has no supported debug core(s) in it.
reset_run synth_1
launch_runs impl_1 -to_step write_bitstream -jobs 4
INFO: [Vivado 12-4149] The synthesis checkpoint for IP 'C:/Users/Carlos/Desktop/proyecto sd/Caco_funcionando_no_tocar/PROJECT_24_02_2019/Modulos en uso/ip/blk_mem_gen_0/blk_mem_gen_0.xci' is already up-to-date
INFO: [Vivado 12-4149] The synthesis checkpoint for IP 'C:/Users/Carlos/Desktop/proyecto sd/Caco_funcionando_no_tocar/PROJECT_24_02_2019/Modulos en uso/ip/clk_wiz_0/clk_wiz_0.xci' is already up-to-date
INFO: [Vivado 12-4149] The synthesis checkpoint for IP 'C:/Users/Carlos/Desktop/proyecto sd/Caco_funcionando_no_tocar/PROJECT_24_02_2019/Modulos en uso/ip/fifo_generator_0/fifo_generator_0.xci' is already up-to-date
[Thu Mar  7 21:51:59 2019] Launched synth_1...
Run output will be captured here: C:/Users/Carlos/Desktop/proyecto sd/Caco_funcionando_no_tocar/PROJECT_24_02_2019/PROJECT_24_02_2019.runs/synth_1/runme.log
[Thu Mar  7 21:51:59 2019] Launched impl_1...
Run output will be captured here: C:/Users/Carlos/Desktop/proyecto sd/Caco_funcionando_no_tocar/PROJECT_24_02_2019/PROJECT_24_02_2019.runs/impl_1/runme.log
set_property PROBES.FILE {} [get_hw_devices xc7a100t_0]
set_property FULL_PROBES.FILE {} [get_hw_devices xc7a100t_0]
set_property PROGRAM.FILE {C:/Users/Carlos/Desktop/proyecto sd/Caco_funcionando_no_tocar/PROJECT_24_02_2019/PROJECT_24_02_2019.runs/impl_1/Top_module.bit} [get_hw_devices xc7a100t_0]
program_hw_devices [get_hw_devices xc7a100t_0]
INFO: [Labtools 27-3164] End of startup status: HIGH
refresh_hw_device [lindex [get_hw_devices xc7a100t_0] 0]
INFO: [Labtools 27-1434] Device xc7a100t (JTAG device index = 0) is programmed with a design that has no supported debug core(s) in it.
reset_run synth_1
launch_runs impl_1 -to_step write_bitstream -jobs 4
INFO: [Vivado 12-4149] The synthesis checkpoint for IP 'C:/Users/Carlos/Desktop/proyecto sd/Caco_funcionando_no_tocar/PROJECT_24_02_2019/Modulos en uso/ip/blk_mem_gen_0/blk_mem_gen_0.xci' is already up-to-date
INFO: [Vivado 12-4149] The synthesis checkpoint for IP 'C:/Users/Carlos/Desktop/proyecto sd/Caco_funcionando_no_tocar/PROJECT_24_02_2019/Modulos en uso/ip/clk_wiz_0/clk_wiz_0.xci' is already up-to-date
INFO: [Vivado 12-4149] The synthesis checkpoint for IP 'C:/Users/Carlos/Desktop/proyecto sd/Caco_funcionando_no_tocar/PROJECT_24_02_2019/Modulos en uso/ip/fifo_generator_0/fifo_generator_0.xci' is already up-to-date
[Thu Mar  7 22:36:09 2019] Launched synth_1...
Run output will be captured here: C:/Users/Carlos/Desktop/proyecto sd/Caco_funcionando_no_tocar/PROJECT_24_02_2019/PROJECT_24_02_2019.runs/synth_1/runme.log
[Thu Mar  7 22:36:09 2019] Launched impl_1...
Run output will be captured here: C:/Users/Carlos/Desktop/proyecto sd/Caco_funcionando_no_tocar/PROJECT_24_02_2019/PROJECT_24_02_2019.runs/impl_1/runme.log
set_property PROBES.FILE {} [get_hw_devices xc7a100t_0]
set_property FULL_PROBES.FILE {} [get_hw_devices xc7a100t_0]
set_property PROGRAM.FILE {C:/Users/Carlos/Desktop/proyecto sd/Caco_funcionando_no_tocar/PROJECT_24_02_2019/PROJECT_24_02_2019.runs/impl_1/Top_module.bit} [get_hw_devices xc7a100t_0]
program_hw_devices [get_hw_devices xc7a100t_0]
INFO: [Labtools 27-3164] End of startup status: HIGH
refresh_hw_device [lindex [get_hw_devices xc7a100t_0] 0]
INFO: [Labtools 27-1434] Device xc7a100t (JTAG device index = 0) is programmed with a design that has no supported debug core(s) in it.
reset_run synth_1
launch_runs impl_1 -to_step write_bitstream -jobs 4
INFO: [Vivado 12-4149] The synthesis checkpoint for IP 'C:/Users/Carlos/Desktop/proyecto sd/Caco_funcionando_no_tocar/PROJECT_24_02_2019/Modulos en uso/ip/blk_mem_gen_0/blk_mem_gen_0.xci' is already up-to-date
INFO: [Vivado 12-4149] The synthesis checkpoint for IP 'C:/Users/Carlos/Desktop/proyecto sd/Caco_funcionando_no_tocar/PROJECT_24_02_2019/Modulos en uso/ip/clk_wiz_0/clk_wiz_0.xci' is already up-to-date
INFO: [Vivado 12-4149] The synthesis checkpoint for IP 'C:/Users/Carlos/Desktop/proyecto sd/Caco_funcionando_no_tocar/PROJECT_24_02_2019/Modulos en uso/ip/fifo_generator_0/fifo_generator_0.xci' is already up-to-date
[Thu Mar  7 22:50:41 2019] Launched synth_1...
Run output will be captured here: C:/Users/Carlos/Desktop/proyecto sd/Caco_funcionando_no_tocar/PROJECT_24_02_2019/PROJECT_24_02_2019.runs/synth_1/runme.log
[Thu Mar  7 22:50:41 2019] Launched impl_1...
Run output will be captured here: C:/Users/Carlos/Desktop/proyecto sd/Caco_funcionando_no_tocar/PROJECT_24_02_2019/PROJECT_24_02_2019.runs/impl_1/runme.log
set_property PROBES.FILE {} [get_hw_devices xc7a100t_0]
set_property FULL_PROBES.FILE {} [get_hw_devices xc7a100t_0]
set_property PROGRAM.FILE {C:/Users/Carlos/Desktop/proyecto sd/Caco_funcionando_no_tocar/PROJECT_24_02_2019/PROJECT_24_02_2019.runs/impl_1/Top_module.bit} [get_hw_devices xc7a100t_0]
program_hw_devices [get_hw_devices xc7a100t_0]
INFO: [Labtools 27-3164] End of startup status: HIGH
refresh_hw_device [lindex [get_hw_devices xc7a100t_0] 0]
INFO: [Labtools 27-1434] Device xc7a100t (JTAG device index = 0) is programmed with a design that has no supported debug core(s) in it.
reset_run synth_1
launch_runs impl_1 -to_step write_bitstream -jobs 4
INFO: [Vivado 12-4149] The synthesis checkpoint for IP 'C:/Users/Carlos/Desktop/proyecto sd/Caco_funcionando_no_tocar/PROJECT_24_02_2019/Modulos en uso/ip/blk_mem_gen_0/blk_mem_gen_0.xci' is already up-to-date
INFO: [Vivado 12-4149] The synthesis checkpoint for IP 'C:/Users/Carlos/Desktop/proyecto sd/Caco_funcionando_no_tocar/PROJECT_24_02_2019/Modulos en uso/ip/clk_wiz_0/clk_wiz_0.xci' is already up-to-date
INFO: [Vivado 12-4149] The synthesis checkpoint for IP 'C:/Users/Carlos/Desktop/proyecto sd/Caco_funcionando_no_tocar/PROJECT_24_02_2019/Modulos en uso/ip/fifo_generator_0/fifo_generator_0.xci' is already up-to-date
[Thu Mar  7 23:04:21 2019] Launched synth_1...
Run output will be captured here: C:/Users/Carlos/Desktop/proyecto sd/Caco_funcionando_no_tocar/PROJECT_24_02_2019/PROJECT_24_02_2019.runs/synth_1/runme.log
[Thu Mar  7 23:04:21 2019] Launched impl_1...
Run output will be captured here: C:/Users/Carlos/Desktop/proyecto sd/Caco_funcionando_no_tocar/PROJECT_24_02_2019/PROJECT_24_02_2019.runs/impl_1/runme.log
set_property PROBES.FILE {} [get_hw_devices xc7a100t_0]
set_property FULL_PROBES.FILE {} [get_hw_devices xc7a100t_0]
set_property PROGRAM.FILE {C:/Users/Carlos/Desktop/proyecto sd/Caco_funcionando_no_tocar/PROJECT_24_02_2019/PROJECT_24_02_2019.runs/impl_1/Top_module.bit} [get_hw_devices xc7a100t_0]
program_hw_devices [get_hw_devices xc7a100t_0]
INFO: [Labtools 27-3164] End of startup status: HIGH
refresh_hw_device [lindex [get_hw_devices xc7a100t_0] 0]
INFO: [Labtools 27-1434] Device xc7a100t (JTAG device index = 0) is programmed with a design that has no supported debug core(s) in it.
set_property PROBES.FILE {} [get_hw_devices xc7a100t_0]
set_property FULL_PROBES.FILE {} [get_hw_devices xc7a100t_0]
set_property PROGRAM.FILE {C:/Users/Carlos/Desktop/proyecto sd/Caco_funcionando_no_tocar/PROJECT_24_02_2019/PROJECT_24_02_2019.runs/impl_1/Top_module.bit} [get_hw_devices xc7a100t_0]
program_hw_devices [get_hw_devices xc7a100t_0]
INFO: [Labtools 27-3164] End of startup status: HIGH
refresh_hw_device [lindex [get_hw_devices xc7a100t_0] 0]
INFO: [Labtools 27-1434] Device xc7a100t (JTAG device index = 0) is programmed with a design that has no supported debug core(s) in it.
reset_run synth_1
launch_runs impl_1 -to_step write_bitstream -jobs 4
INFO: [Vivado 12-4149] The synthesis checkpoint for IP 'C:/Users/Carlos/Desktop/proyecto sd/Caco_funcionando_no_tocar/PROJECT_24_02_2019/Modulos en uso/ip/blk_mem_gen_0/blk_mem_gen_0.xci' is already up-to-date
INFO: [Vivado 12-4149] The synthesis checkpoint for IP 'C:/Users/Carlos/Desktop/proyecto sd/Caco_funcionando_no_tocar/PROJECT_24_02_2019/Modulos en uso/ip/clk_wiz_0/clk_wiz_0.xci' is already up-to-date
INFO: [Vivado 12-4149] The synthesis checkpoint for IP 'C:/Users/Carlos/Desktop/proyecto sd/Caco_funcionando_no_tocar/PROJECT_24_02_2019/Modulos en uso/ip/fifo_generator_0/fifo_generator_0.xci' is already up-to-date
[Thu Mar  7 23:26:57 2019] Launched synth_1...
Run output will be captured here: C:/Users/Carlos/Desktop/proyecto sd/Caco_funcionando_no_tocar/PROJECT_24_02_2019/PROJECT_24_02_2019.runs/synth_1/runme.log
[Thu Mar  7 23:26:58 2019] Launched impl_1...
Run output will be captured here: C:/Users/Carlos/Desktop/proyecto sd/Caco_funcionando_no_tocar/PROJECT_24_02_2019/PROJECT_24_02_2019.runs/impl_1/runme.log
ERROR: [Labtoolstcl 44-513] HW Target shutdown. Closing target: localhost:3121/xilinx_tcf/Digilent/210292708918A
INFO: [Labtoolstcl 44-466] Opening hw_target localhost:3121/xilinx_tcf/Digilent/210292708918A
INFO: [Labtools 27-1435] Device xc7a100t (JTAG device index = 0) is not programmed (DONE status = 0).
WARNING: [Labtoolstcl 44-129] No matching hw_ila_data was found.
set_property PROBES.FILE {} [get_hw_devices xc7a100t_0]
set_property FULL_PROBES.FILE {} [get_hw_devices xc7a100t_0]
set_property PROGRAM.FILE {C:/Users/Carlos/Desktop/proyecto sd/Caco_funcionando_no_tocar/PROJECT_24_02_2019/PROJECT_24_02_2019.runs/impl_1/Top_module.bit} [get_hw_devices xc7a100t_0]
program_hw_devices [get_hw_devices xc7a100t_0]
INFO: [Labtools 27-3164] End of startup status: HIGH
refresh_hw_device [lindex [get_hw_devices xc7a100t_0] 0]
INFO: [Labtools 27-1434] Device xc7a100t (JTAG device index = 0) is programmed with a design that has no supported debug core(s) in it.
set_property PROBES.FILE {} [get_hw_devices xc7a100t_0]
set_property FULL_PROBES.FILE {} [get_hw_devices xc7a100t_0]
set_property PROGRAM.FILE {C:/Users/Carlos/Desktop/proyecto sd/Caco_funcionando_no_tocar/PROJECT_24_02_2019/PROJECT_24_02_2019.runs/impl_1/Top_module.bit} [get_hw_devices xc7a100t_0]
program_hw_devices [get_hw_devices xc7a100t_0]
INFO: [Labtools 27-3164] End of startup status: HIGH
refresh_hw_device [lindex [get_hw_devices xc7a100t_0] 0]
INFO: [Labtools 27-1434] Device xc7a100t (JTAG device index = 0) is programmed with a design that has no supported debug core(s) in it.
reset_run synth_1
launch_runs impl_1 -to_step write_bitstream -jobs 4
INFO: [Vivado 12-4149] The synthesis checkpoint for IP 'C:/Users/Carlos/Desktop/proyecto sd/Caco_funcionando_no_tocar/PROJECT_24_02_2019/Modulos en uso/ip/blk_mem_gen_0/blk_mem_gen_0.xci' is already up-to-date
INFO: [Vivado 12-4149] The synthesis checkpoint for IP 'C:/Users/Carlos/Desktop/proyecto sd/Caco_funcionando_no_tocar/PROJECT_24_02_2019/Modulos en uso/ip/clk_wiz_0/clk_wiz_0.xci' is already up-to-date
INFO: [Vivado 12-4149] The synthesis checkpoint for IP 'C:/Users/Carlos/Desktop/proyecto sd/Caco_funcionando_no_tocar/PROJECT_24_02_2019/Modulos en uso/ip/fifo_generator_0/fifo_generator_0.xci' is already up-to-date
[Thu Mar  7 23:41:49 2019] Launched synth_1...
Run output will be captured here: C:/Users/Carlos/Desktop/proyecto sd/Caco_funcionando_no_tocar/PROJECT_24_02_2019/PROJECT_24_02_2019.runs/synth_1/runme.log
[Thu Mar  7 23:41:49 2019] Launched impl_1...
Run output will be captured here: C:/Users/Carlos/Desktop/proyecto sd/Caco_funcionando_no_tocar/PROJECT_24_02_2019/PROJECT_24_02_2019.runs/impl_1/runme.log
set_property PROBES.FILE {} [get_hw_devices xc7a100t_0]
set_property FULL_PROBES.FILE {} [get_hw_devices xc7a100t_0]
set_property PROGRAM.FILE {C:/Users/Carlos/Desktop/proyecto sd/Caco_funcionando_no_tocar/PROJECT_24_02_2019/PROJECT_24_02_2019.runs/impl_1/Top_module.bit} [get_hw_devices xc7a100t_0]
program_hw_devices [get_hw_devices xc7a100t_0]
INFO: [Labtools 27-3164] End of startup status: HIGH
refresh_hw_device [lindex [get_hw_devices xc7a100t_0] 0]
INFO: [Labtools 27-1434] Device xc7a100t (JTAG device index = 0) is programmed with a design that has no supported debug core(s) in it.
set_property PROBES.FILE {} [get_hw_devices xc7a100t_0]
set_property FULL_PROBES.FILE {} [get_hw_devices xc7a100t_0]
set_property PROGRAM.FILE {C:/Users/Carlos/Desktop/proyecto sd/Caco_funcionando_no_tocar/PROJECT_24_02_2019/PROJECT_24_02_2019.runs/impl_1/Top_module.bit} [get_hw_devices xc7a100t_0]
program_hw_devices [get_hw_devices xc7a100t_0]
INFO: [Labtools 27-3164] End of startup status: HIGH
refresh_hw_device [lindex [get_hw_devices xc7a100t_0] 0]
INFO: [Labtools 27-1434] Device xc7a100t (JTAG device index = 0) is programmed with a design that has no supported debug core(s) in it.
reset_run synth_1
launch_runs impl_1 -to_step write_bitstream -jobs 4
INFO: [Vivado 12-4149] The synthesis checkpoint for IP 'C:/Users/Carlos/Desktop/proyecto sd/Caco_funcionando_no_tocar/PROJECT_24_02_2019/Modulos en uso/ip/blk_mem_gen_0/blk_mem_gen_0.xci' is already up-to-date
INFO: [Vivado 12-4149] The synthesis checkpoint for IP 'C:/Users/Carlos/Desktop/proyecto sd/Caco_funcionando_no_tocar/PROJECT_24_02_2019/Modulos en uso/ip/clk_wiz_0/clk_wiz_0.xci' is already up-to-date
INFO: [Vivado 12-4149] The synthesis checkpoint for IP 'C:/Users/Carlos/Desktop/proyecto sd/Caco_funcionando_no_tocar/PROJECT_24_02_2019/Modulos en uso/ip/fifo_generator_0/fifo_generator_0.xci' is already up-to-date
[Thu Mar  7 23:54:08 2019] Launched synth_1...
Run output will be captured here: C:/Users/Carlos/Desktop/proyecto sd/Caco_funcionando_no_tocar/PROJECT_24_02_2019/PROJECT_24_02_2019.runs/synth_1/runme.log
[Thu Mar  7 23:54:09 2019] Launched impl_1...
Run output will be captured here: C:/Users/Carlos/Desktop/proyecto sd/Caco_funcionando_no_tocar/PROJECT_24_02_2019/PROJECT_24_02_2019.runs/impl_1/runme.log
set_property PROBES.FILE {} [get_hw_devices xc7a100t_0]
set_property FULL_PROBES.FILE {} [get_hw_devices xc7a100t_0]
set_property PROGRAM.FILE {C:/Users/Carlos/Desktop/proyecto sd/Caco_funcionando_no_tocar/PROJECT_24_02_2019/PROJECT_24_02_2019.runs/impl_1/Top_module.bit} [get_hw_devices xc7a100t_0]
program_hw_devices [get_hw_devices xc7a100t_0]
INFO: [Labtools 27-3164] End of startup status: HIGH
refresh_hw_device [lindex [get_hw_devices xc7a100t_0] 0]
INFO: [Labtools 27-1434] Device xc7a100t (JTAG device index = 0) is programmed with a design that has no supported debug core(s) in it.
reset_run synth_1
launch_runs impl_1 -to_step write_bitstream -jobs 4
INFO: [Vivado 12-4149] The synthesis checkpoint for IP 'C:/Users/Carlos/Desktop/proyecto sd/Caco_funcionando_no_tocar/PROJECT_24_02_2019/Modulos en uso/ip/blk_mem_gen_0/blk_mem_gen_0.xci' is already up-to-date
INFO: [Vivado 12-4149] The synthesis checkpoint for IP 'C:/Users/Carlos/Desktop/proyecto sd/Caco_funcionando_no_tocar/PROJECT_24_02_2019/Modulos en uso/ip/clk_wiz_0/clk_wiz_0.xci' is already up-to-date
INFO: [Vivado 12-4149] The synthesis checkpoint for IP 'C:/Users/Carlos/Desktop/proyecto sd/Caco_funcionando_no_tocar/PROJECT_24_02_2019/Modulos en uso/ip/fifo_generator_0/fifo_generator_0.xci' is already up-to-date
[Fri Mar  8 00:15:36 2019] Launched synth_1...
Run output will be captured here: C:/Users/Carlos/Desktop/proyecto sd/Caco_funcionando_no_tocar/PROJECT_24_02_2019/PROJECT_24_02_2019.runs/synth_1/runme.log
[Fri Mar  8 00:15:36 2019] Launched impl_1...
Run output will be captured here: C:/Users/Carlos/Desktop/proyecto sd/Caco_funcionando_no_tocar/PROJECT_24_02_2019/PROJECT_24_02_2019.runs/impl_1/runme.log
set_property PROBES.FILE {} [get_hw_devices xc7a100t_0]
set_property FULL_PROBES.FILE {} [get_hw_devices xc7a100t_0]
set_property PROGRAM.FILE {C:/Users/Carlos/Desktop/proyecto sd/Caco_funcionando_no_tocar/PROJECT_24_02_2019/PROJECT_24_02_2019.runs/impl_1/Top_module.bit} [get_hw_devices xc7a100t_0]
program_hw_devices [get_hw_devices xc7a100t_0]
INFO: [Labtools 27-3164] End of startup status: HIGH
refresh_hw_device [lindex [get_hw_devices xc7a100t_0] 0]
INFO: [Labtools 27-1434] Device xc7a100t (JTAG device index = 0) is programmed with a design that has no supported debug core(s) in it.
reset_run synth_1
launch_runs impl_1 -to_step write_bitstream -jobs 4
INFO: [Vivado 12-4149] The synthesis checkpoint for IP 'C:/Users/Carlos/Desktop/proyecto sd/Caco_funcionando_no_tocar/PROJECT_24_02_2019/Modulos en uso/ip/blk_mem_gen_0/blk_mem_gen_0.xci' is already up-to-date
INFO: [Vivado 12-4149] The synthesis checkpoint for IP 'C:/Users/Carlos/Desktop/proyecto sd/Caco_funcionando_no_tocar/PROJECT_24_02_2019/Modulos en uso/ip/clk_wiz_0/clk_wiz_0.xci' is already up-to-date
INFO: [Vivado 12-4149] The synthesis checkpoint for IP 'C:/Users/Carlos/Desktop/proyecto sd/Caco_funcionando_no_tocar/PROJECT_24_02_2019/Modulos en uso/ip/fifo_generator_0/fifo_generator_0.xci' is already up-to-date
[Fri Mar  8 00:32:35 2019] Launched synth_1...
Run output will be captured here: C:/Users/Carlos/Desktop/proyecto sd/Caco_funcionando_no_tocar/PROJECT_24_02_2019/PROJECT_24_02_2019.runs/synth_1/runme.log
[Fri Mar  8 00:32:35 2019] Launched impl_1...
Run output will be captured here: C:/Users/Carlos/Desktop/proyecto sd/Caco_funcionando_no_tocar/PROJECT_24_02_2019/PROJECT_24_02_2019.runs/impl_1/runme.log
set_property PROBES.FILE {} [get_hw_devices xc7a100t_0]
set_property FULL_PROBES.FILE {} [get_hw_devices xc7a100t_0]
set_property PROGRAM.FILE {C:/Users/Carlos/Desktop/proyecto sd/Caco_funcionando_no_tocar/PROJECT_24_02_2019/PROJECT_24_02_2019.runs/impl_1/Top_module.bit} [get_hw_devices xc7a100t_0]
program_hw_devices [get_hw_devices xc7a100t_0]
INFO: [Labtools 27-3164] End of startup status: HIGH
refresh_hw_device [lindex [get_hw_devices xc7a100t_0] 0]
INFO: [Labtools 27-1434] Device xc7a100t (JTAG device index = 0) is programmed with a design that has no supported debug core(s) in it.
reset_run synth_1
launch_runs impl_1 -to_step write_bitstream -jobs 4
INFO: [Vivado 12-4149] The synthesis checkpoint for IP 'C:/Users/Carlos/Desktop/proyecto sd/Caco_funcionando_no_tocar/PROJECT_24_02_2019/Modulos en uso/ip/blk_mem_gen_0/blk_mem_gen_0.xci' is already up-to-date
INFO: [Vivado 12-4149] The synthesis checkpoint for IP 'C:/Users/Carlos/Desktop/proyecto sd/Caco_funcionando_no_tocar/PROJECT_24_02_2019/Modulos en uso/ip/clk_wiz_0/clk_wiz_0.xci' is already up-to-date
INFO: [Vivado 12-4149] The synthesis checkpoint for IP 'C:/Users/Carlos/Desktop/proyecto sd/Caco_funcionando_no_tocar/PROJECT_24_02_2019/Modulos en uso/ip/fifo_generator_0/fifo_generator_0.xci' is already up-to-date
[Fri Mar  8 00:56:20 2019] Launched synth_1...
Run output will be captured here: C:/Users/Carlos/Desktop/proyecto sd/Caco_funcionando_no_tocar/PROJECT_24_02_2019/PROJECT_24_02_2019.runs/synth_1/runme.log
[Fri Mar  8 00:56:20 2019] Launched impl_1...
Run output will be captured here: C:/Users/Carlos/Desktop/proyecto sd/Caco_funcionando_no_tocar/PROJECT_24_02_2019/PROJECT_24_02_2019.runs/impl_1/runme.log
reset_run synth_1
launch_runs impl_1 -to_step write_bitstream -jobs 4
INFO: [Vivado 12-4149] The synthesis checkpoint for IP 'C:/Users/Carlos/Desktop/proyecto sd/Caco_funcionando_no_tocar/PROJECT_24_02_2019/Modulos en uso/ip/blk_mem_gen_0/blk_mem_gen_0.xci' is already up-to-date
INFO: [Vivado 12-4149] The synthesis checkpoint for IP 'C:/Users/Carlos/Desktop/proyecto sd/Caco_funcionando_no_tocar/PROJECT_24_02_2019/Modulos en uso/ip/clk_wiz_0/clk_wiz_0.xci' is already up-to-date
INFO: [Vivado 12-4149] The synthesis checkpoint for IP 'C:/Users/Carlos/Desktop/proyecto sd/Caco_funcionando_no_tocar/PROJECT_24_02_2019/Modulos en uso/ip/fifo_generator_0/fifo_generator_0.xci' is already up-to-date
[Fri Mar  8 00:56:53 2019] Launched synth_1...
Run output will be captured here: C:/Users/Carlos/Desktop/proyecto sd/Caco_funcionando_no_tocar/PROJECT_24_02_2019/PROJECT_24_02_2019.runs/synth_1/runme.log
[Fri Mar  8 00:56:53 2019] Launched impl_1...
Run output will be captured here: C:/Users/Carlos/Desktop/proyecto sd/Caco_funcionando_no_tocar/PROJECT_24_02_2019/PROJECT_24_02_2019.runs/impl_1/runme.log
set_property PROBES.FILE {} [get_hw_devices xc7a100t_0]
set_property FULL_PROBES.FILE {} [get_hw_devices xc7a100t_0]
set_property PROGRAM.FILE {C:/Users/Carlos/Desktop/proyecto sd/Caco_funcionando_no_tocar/PROJECT_24_02_2019/PROJECT_24_02_2019.runs/impl_1/Top_module.bit} [get_hw_devices xc7a100t_0]
program_hw_devices [get_hw_devices xc7a100t_0]
INFO: [Labtools 27-3164] End of startup status: HIGH
refresh_hw_device [lindex [get_hw_devices xc7a100t_0] 0]
INFO: [Labtools 27-1434] Device xc7a100t (JTAG device index = 0) is programmed with a design that has no supported debug core(s) in it.
reset_run synth_1
launch_runs impl_1 -to_step write_bitstream -jobs 4
INFO: [Vivado 12-4149] The synthesis checkpoint for IP 'C:/Users/Carlos/Desktop/proyecto sd/Caco_funcionando_no_tocar/PROJECT_24_02_2019/Modulos en uso/ip/blk_mem_gen_0/blk_mem_gen_0.xci' is already up-to-date
INFO: [Vivado 12-4149] The synthesis checkpoint for IP 'C:/Users/Carlos/Desktop/proyecto sd/Caco_funcionando_no_tocar/PROJECT_24_02_2019/Modulos en uso/ip/clk_wiz_0/clk_wiz_0.xci' is already up-to-date
INFO: [Vivado 12-4149] The synthesis checkpoint for IP 'C:/Users/Carlos/Desktop/proyecto sd/Caco_funcionando_no_tocar/PROJECT_24_02_2019/Modulos en uso/ip/fifo_generator_0/fifo_generator_0.xci' is already up-to-date
[Fri Mar  8 01:09:46 2019] Launched synth_1...
Run output will be captured here: C:/Users/Carlos/Desktop/proyecto sd/Caco_funcionando_no_tocar/PROJECT_24_02_2019/PROJECT_24_02_2019.runs/synth_1/runme.log
[Fri Mar  8 01:09:46 2019] Launched impl_1...
Run output will be captured here: C:/Users/Carlos/Desktop/proyecto sd/Caco_funcionando_no_tocar/PROJECT_24_02_2019/PROJECT_24_02_2019.runs/impl_1/runme.log
set_property PROBES.FILE {} [get_hw_devices xc7a100t_0]
set_property FULL_PROBES.FILE {} [get_hw_devices xc7a100t_0]
set_property PROGRAM.FILE {C:/Users/Carlos/Desktop/proyecto sd/Caco_funcionando_no_tocar/PROJECT_24_02_2019/PROJECT_24_02_2019.runs/impl_1/Top_module.bit} [get_hw_devices xc7a100t_0]
program_hw_devices [get_hw_devices xc7a100t_0]
INFO: [Labtools 27-3164] End of startup status: HIGH
refresh_hw_device [lindex [get_hw_devices xc7a100t_0] 0]
INFO: [Labtools 27-1434] Device xc7a100t (JTAG device index = 0) is programmed with a design that has no supported debug core(s) in it.
reset_run synth_1
launch_runs impl_1 -to_step write_bitstream -jobs 4
INFO: [Vivado 12-4149] The synthesis checkpoint for IP 'C:/Users/Carlos/Desktop/proyecto sd/Caco_funcionando_no_tocar/PROJECT_24_02_2019/Modulos en uso/ip/blk_mem_gen_0/blk_mem_gen_0.xci' is already up-to-date
INFO: [Vivado 12-4149] The synthesis checkpoint for IP 'C:/Users/Carlos/Desktop/proyecto sd/Caco_funcionando_no_tocar/PROJECT_24_02_2019/Modulos en uso/ip/clk_wiz_0/clk_wiz_0.xci' is already up-to-date
INFO: [Vivado 12-4149] The synthesis checkpoint for IP 'C:/Users/Carlos/Desktop/proyecto sd/Caco_funcionando_no_tocar/PROJECT_24_02_2019/Modulos en uso/ip/fifo_generator_0/fifo_generator_0.xci' is already up-to-date
[Fri Mar  8 01:24:50 2019] Launched synth_1...
Run output will be captured here: C:/Users/Carlos/Desktop/proyecto sd/Caco_funcionando_no_tocar/PROJECT_24_02_2019/PROJECT_24_02_2019.runs/synth_1/runme.log
[Fri Mar  8 01:24:50 2019] Launched impl_1...
Run output will be captured here: C:/Users/Carlos/Desktop/proyecto sd/Caco_funcionando_no_tocar/PROJECT_24_02_2019/PROJECT_24_02_2019.runs/impl_1/runme.log
set_property PROBES.FILE {} [get_hw_devices xc7a100t_0]
set_property FULL_PROBES.FILE {} [get_hw_devices xc7a100t_0]
set_property PROGRAM.FILE {C:/Users/Carlos/Desktop/proyecto sd/Caco_funcionando_no_tocar/PROJECT_24_02_2019/PROJECT_24_02_2019.runs/impl_1/Top_module.bit} [get_hw_devices xc7a100t_0]
program_hw_devices [get_hw_devices xc7a100t_0]
INFO: [Labtools 27-3164] End of startup status: HIGH
refresh_hw_device [lindex [get_hw_devices xc7a100t_0] 0]
INFO: [Labtools 27-1434] Device xc7a100t (JTAG device index = 0) is programmed with a design that has no supported debug core(s) in it.
reset_run synth_1
launch_runs impl_1 -to_step write_bitstream -jobs 4
INFO: [Vivado 12-4149] The synthesis checkpoint for IP 'C:/Users/Carlos/Desktop/proyecto sd/Caco_funcionando_no_tocar/PROJECT_24_02_2019/Modulos en uso/ip/blk_mem_gen_0/blk_mem_gen_0.xci' is already up-to-date
INFO: [Vivado 12-4149] The synthesis checkpoint for IP 'C:/Users/Carlos/Desktop/proyecto sd/Caco_funcionando_no_tocar/PROJECT_24_02_2019/Modulos en uso/ip/clk_wiz_0/clk_wiz_0.xci' is already up-to-date
INFO: [Vivado 12-4149] The synthesis checkpoint for IP 'C:/Users/Carlos/Desktop/proyecto sd/Caco_funcionando_no_tocar/PROJECT_24_02_2019/Modulos en uso/ip/fifo_generator_0/fifo_generator_0.xci' is already up-to-date
[Fri Mar  8 01:38:27 2019] Launched synth_1...
Run output will be captured here: C:/Users/Carlos/Desktop/proyecto sd/Caco_funcionando_no_tocar/PROJECT_24_02_2019/PROJECT_24_02_2019.runs/synth_1/runme.log
[Fri Mar  8 01:38:27 2019] Launched impl_1...
Run output will be captured here: C:/Users/Carlos/Desktop/proyecto sd/Caco_funcionando_no_tocar/PROJECT_24_02_2019/PROJECT_24_02_2019.runs/impl_1/runme.log
set_property PROBES.FILE {} [get_hw_devices xc7a100t_0]
set_property FULL_PROBES.FILE {} [get_hw_devices xc7a100t_0]
set_property PROGRAM.FILE {C:/Users/Carlos/Desktop/proyecto sd/Caco_funcionando_no_tocar/PROJECT_24_02_2019/PROJECT_24_02_2019.runs/impl_1/Top_module.bit} [get_hw_devices xc7a100t_0]
program_hw_devices [get_hw_devices xc7a100t_0]
INFO: [Labtools 27-3164] End of startup status: HIGH
refresh_hw_device [lindex [get_hw_devices xc7a100t_0] 0]
INFO: [Labtools 27-1434] Device xc7a100t (JTAG device index = 0) is programmed with a design that has no supported debug core(s) in it.
reset_run synth_1
launch_runs impl_1 -to_step write_bitstream -jobs 4
INFO: [Vivado 12-4149] The synthesis checkpoint for IP 'C:/Users/Carlos/Desktop/proyecto sd/Caco_funcionando_no_tocar/PROJECT_24_02_2019/Modulos en uso/ip/blk_mem_gen_0/blk_mem_gen_0.xci' is already up-to-date
INFO: [Vivado 12-4149] The synthesis checkpoint for IP 'C:/Users/Carlos/Desktop/proyecto sd/Caco_funcionando_no_tocar/PROJECT_24_02_2019/Modulos en uso/ip/clk_wiz_0/clk_wiz_0.xci' is already up-to-date
INFO: [Vivado 12-4149] The synthesis checkpoint for IP 'C:/Users/Carlos/Desktop/proyecto sd/Caco_funcionando_no_tocar/PROJECT_24_02_2019/Modulos en uso/ip/fifo_generator_0/fifo_generator_0.xci' is already up-to-date
[Fri Mar  8 01:51:01 2019] Launched synth_1...
Run output will be captured here: C:/Users/Carlos/Desktop/proyecto sd/Caco_funcionando_no_tocar/PROJECT_24_02_2019/PROJECT_24_02_2019.runs/synth_1/runme.log
[Fri Mar  8 01:51:01 2019] Launched impl_1...
Run output will be captured here: C:/Users/Carlos/Desktop/proyecto sd/Caco_funcionando_no_tocar/PROJECT_24_02_2019/PROJECT_24_02_2019.runs/impl_1/runme.log
set_property PROBES.FILE {} [get_hw_devices xc7a100t_0]
set_property FULL_PROBES.FILE {} [get_hw_devices xc7a100t_0]
set_property PROGRAM.FILE {C:/Users/Carlos/Desktop/proyecto sd/Caco_funcionando_no_tocar/PROJECT_24_02_2019/PROJECT_24_02_2019.runs/impl_1/Top_module.bit} [get_hw_devices xc7a100t_0]
program_hw_devices [get_hw_devices xc7a100t_0]
INFO: [Labtools 27-3164] End of startup status: HIGH
refresh_hw_device [lindex [get_hw_devices xc7a100t_0] 0]
INFO: [Labtools 27-1434] Device xc7a100t (JTAG device index = 0) is programmed with a design that has no supported debug core(s) in it.
ERROR: [Labtoolstcl 44-513] HW Target shutdown. Closing target: localhost:3121/xilinx_tcf/Digilent/210292708918A
exit
INFO: [Common 17-206] Exiting Vivado at Sat Mar  9 19:43:55 2019...
