Copyright 1986-2018 Xilinx, Inc. All Rights Reserved.
----------------------------------------------------------------------------------------------------------------------------------------------------
| Tool Version     : Vivado v.2018.3 (lin64) Build 2405991 Thu Dec  6 23:36:41 MST 2018
| Date             : Fri Mar 22 17:01:59 2019
| Host             : jotad running 64-bit Ubuntu 18.04.2 LTS
| Command          : report_power -file Top_module_power_routed.rpt -pb Top_module_power_summary_routed.pb -rpx Top_module_power_routed.rpx
| Design           : Top_module
| Device           : xc7a100tcsg324-1
| Design State     : routed
| Grade            : commercial
| Process          : typical
| Characterization : Production
----------------------------------------------------------------------------------------------------------------------------------------------------

Power Report

Table of Contents
-----------------
1. Summary
1.1 On-Chip Components
1.2 Power Supply Summary
1.3 Confidence Level
2. Settings
2.1 Environment
2.2 Clock Constraints
3. Detailed Reports
3.1 By Hierarchy

1. Summary
----------

+--------------------------+--------------+
| Total On-Chip Power (W)  | 1.089        |
| Design Power Budget (W)  | Unspecified* |
| Power Budget Margin (W)  | NA           |
| Dynamic (W)              | 0.975        |
| Device Static (W)        | 0.114        |
| Effective TJA (C/W)      | 4.6          |
| Max Ambient (C)          | 80.0         |
| Junction Temperature (C) | 30.0         |
| Confidence Level         | Low          |
| Setting File             | ---          |
| Simulation Activity File | ---          |
| Design Nets Matched      | NA           |
+--------------------------+--------------+
* Specify Design Power Budget using, set_operating_conditions -design_power_budget <value in Watts>


1.1 On-Chip Components
----------------------

+--------------------------+-----------+----------+-----------+-----------------+
| On-Chip                  | Power (W) | Used     | Available | Utilization (%) |
+--------------------------+-----------+----------+-----------+-----------------+
| Clocks                   |     0.023 |       25 |       --- |             --- |
| Slice Logic              |     0.004 |    11023 |       --- |             --- |
|   LUT as Logic           |     0.004 |     4168 |     63400 |            6.57 |
|   Register               |    <0.001 |     4144 |    126800 |            3.27 |
|   CARRY4                 |    <0.001 |      161 |     15850 |            1.02 |
|   F7/F8 Muxes            |    <0.001 |      169 |     63400 |            0.27 |
|   LUT as Distributed RAM |    <0.001 |      416 |     19000 |            2.19 |
|   LUT as Shift Register  |    <0.001 |       19 |     19000 |            0.10 |
|   Others                 |     0.000 |      632 |       --- |             --- |
| Signals                  |     0.009 |     9214 |       --- |             --- |
| Block RAM                |     0.016 |    132.5 |       135 |           98.15 |
| MMCM                     |     0.240 |        2 |         6 |           33.33 |
| PLL                      |     0.089 |        1 |         6 |           16.67 |
| I/O                      |     0.521 |       88 |       210 |           41.90 |
| PHASER                   |     0.070 |       14 |       --- |             --- |
| XADC                     |     0.004 |        1 |       --- |             --- |
| Static Power             |     0.114 |          |           |                 |
| Total                    |     1.089 |          |           |                 |
+--------------------------+-----------+----------+-----------+-----------------+


1.2 Power Supply Summary
------------------------

+-----------+-------------+-----------+-------------+------------+
| Source    | Voltage (V) | Total (A) | Dynamic (A) | Static (A) |
+-----------+-------------+-----------+-------------+------------+
| Vccint    |       1.000 |     0.095 |       0.073 |      0.021 |
| Vccaux    |       1.800 |     0.278 |       0.260 |      0.018 |
| Vcco33    |       3.300 |     0.008 |       0.004 |      0.004 |
| Vcco25    |       2.500 |     0.000 |       0.000 |      0.000 |
| Vcco18    |       1.800 |     0.236 |       0.232 |      0.004 |
| Vcco15    |       1.500 |     0.000 |       0.000 |      0.000 |
| Vcco135   |       1.350 |     0.000 |       0.000 |      0.000 |
| Vcco12    |       1.200 |     0.000 |       0.000 |      0.000 |
| Vccaux_io |       1.800 |     0.000 |       0.000 |      0.000 |
| Vccbram   |       1.000 |     0.005 |       0.001 |      0.004 |
| MGTAVcc   |       1.000 |     0.000 |       0.000 |      0.000 |
| MGTAVtt   |       1.200 |     0.000 |       0.000 |      0.000 |
| Vccadc    |       1.800 |     0.022 |       0.002 |      0.020 |
+-----------+-------------+-----------+-------------+------------+


1.3 Confidence Level
--------------------

+-----------------------------+------------+--------------------------------------------------------+------------------------------------------------------------------------------------------------------------+
| User Input Data             | Confidence | Details                                                | Action                                                                                                     |
+-----------------------------+------------+--------------------------------------------------------+------------------------------------------------------------------------------------------------------------+
| Design implementation state | High       | Design is routed                                       |                                                                                                            |
| Clock nodes activity        | High       | User specified more than 95% of clocks                 |                                                                                                            |
| I/O nodes activity          | Low        | More than 75% of inputs are missing user specification | Provide missing input activity with simulation results or by editing the "By Resource Type -> I/Os" view   |
| Internal nodes activity     | Medium     | User specified less than 25% of internal nodes         | Provide missing internal nodes activity with simulation results or by editing the "By Resource Type" views |
| Device models               | High       | Device models are Production                           |                                                                                                            |
|                             |            |                                                        |                                                                                                            |
| Overall confidence level    | Low        |                                                        |                                                                                                            |
+-----------------------------+------------+--------------------------------------------------------+------------------------------------------------------------------------------------------------------------+


2. Settings
-----------

2.1 Environment
---------------

+-----------------------+--------------------------+
| Ambient Temp (C)      | 25.0                     |
| ThetaJA (C/W)         | 4.6                      |
| Airflow (LFM)         | 250                      |
| Heat Sink             | medium (Medium Profile)  |
| ThetaSA (C/W)         | 4.6                      |
| Board Selection       | medium (10"x10")         |
| # of Board Layers     | 12to15 (12 to 15 Layers) |
| Board Temperature (C) | 25.0                     |
+-----------------------+--------------------------+


2.2 Clock Constraints
---------------------

+-----------------------------------------------------------------------------------------------------------------------------------------------------------+-------------------------------------------------------------------------------------------------------------------------------------------------------------------------------------------------------------------------------------------+-----------------+
| Clock                                                                                                                                                     | Domain                                                                                                                                                                                                                                    | Constraint (ns) |
+-----------------------------------------------------------------------------------------------------------------------------------------------------------+-------------------------------------------------------------------------------------------------------------------------------------------------------------------------------------------------------------------------------------------+-----------------+
| clk_out1_clk_wiz_0                                                                                                                                        | wiz_0/inst/clk_out1_clk_wiz_0                                                                                                                                                                                                             |             5.0 |
| clk_out2_clk_wiz_0                                                                                                                                        | wiz_0/inst/clk_out2_clk_wiz_0                                                                                                                                                                                                             |            12.7 |
| clk_pll_i                                                                                                                                                 | memory_handler_inst/your_inst_name/u_mig_7series_0/u_mig_7series_0_mig/u_ddr2_infrastructure/clk_pll_i                                                                                                                                    |            20.0 |
| clkfbout_clk_wiz_0                                                                                                                                        | wiz_0/inst/clkfbout_clk_wiz_0                                                                                                                                                                                                             |            10.0 |
| freq_refclk                                                                                                                                               | memory_handler_inst/your_inst_name/u_mig_7series_0/u_mig_7series_0_mig/u_ddr2_infrastructure/freq_refclk                                                                                                                                  |             2.5 |
| iserdes_clkdiv                                                                                                                                            | memory_handler_inst/your_inst_name/u_mig_7series_0/u_mig_7series_0_mig/u_memc_ui_top_std/mem_intfc0/ddr_phy_top0/u_ddr_mc_phy_wrapper/u_ddr_mc_phy/ddr_phy_4lanes_0.u_ddr_phy_4lanes/ddr_byte_lane_A.ddr_byte_lane_A/iserdes_clkdiv       |            20.0 |
| iserdes_clkdiv_1                                                                                                                                          | memory_handler_inst/your_inst_name/u_mig_7series_0/u_mig_7series_0_mig/u_memc_ui_top_std/mem_intfc0/ddr_phy_top0/u_ddr_mc_phy_wrapper/u_ddr_mc_phy/ddr_phy_4lanes_0.u_ddr_phy_4lanes/ddr_byte_lane_C.ddr_byte_lane_C/iserdes_clkdiv       |            20.0 |
| mem_refclk                                                                                                                                                | memory_handler_inst/your_inst_name/u_mig_7series_0/u_mig_7series_0_mig/u_ddr2_infrastructure/mem_refclk                                                                                                                                   |             5.0 |
| oserdes_clk                                                                                                                                               | memory_handler_inst/your_inst_name/u_mig_7series_0/u_mig_7series_0_mig/u_memc_ui_top_std/mem_intfc0/ddr_phy_top0/u_ddr_mc_phy_wrapper/u_ddr_mc_phy/ddr_phy_4lanes_0.u_ddr_phy_4lanes/ddr_byte_lane_A.ddr_byte_lane_A/oserdes_clk          |             5.0 |
| oserdes_clk_1                                                                                                                                             | memory_handler_inst/your_inst_name/u_mig_7series_0/u_mig_7series_0_mig/u_memc_ui_top_std/mem_intfc0/ddr_phy_top0/u_ddr_mc_phy_wrapper/u_ddr_mc_phy/ddr_phy_4lanes_0.u_ddr_phy_4lanes/ddr_byte_lane_B.ddr_byte_lane_B/oserdes_clk          |             5.0 |
| oserdes_clk_2                                                                                                                                             | memory_handler_inst/your_inst_name/u_mig_7series_0/u_mig_7series_0_mig/u_memc_ui_top_std/mem_intfc0/ddr_phy_top0/u_ddr_mc_phy_wrapper/u_ddr_mc_phy/ddr_phy_4lanes_0.u_ddr_phy_4lanes/ddr_byte_lane_C.ddr_byte_lane_C/oserdes_clk          |             5.0 |
| oserdes_clk_3                                                                                                                                             | memory_handler_inst/your_inst_name/u_mig_7series_0/u_mig_7series_0_mig/u_memc_ui_top_std/mem_intfc0/ddr_phy_top0/u_ddr_mc_phy_wrapper/u_ddr_mc_phy/ddr_phy_4lanes_0.u_ddr_phy_4lanes/ddr_byte_lane_D.ddr_byte_lane_D/oserdes_clk          |             5.0 |
| oserdes_clkdiv                                                                                                                                            | memory_handler_inst/your_inst_name/u_mig_7series_0/u_mig_7series_0_mig/u_memc_ui_top_std/mem_intfc0/ddr_phy_top0/u_ddr_mc_phy_wrapper/u_ddr_mc_phy/ddr_phy_4lanes_0.u_ddr_phy_4lanes/ddr_byte_lane_A.ddr_byte_lane_A/oserdes_clkdiv       |            10.0 |
| oserdes_clkdiv_1                                                                                                                                          | memory_handler_inst/your_inst_name/u_mig_7series_0/u_mig_7series_0_mig/u_memc_ui_top_std/mem_intfc0/ddr_phy_top0/u_ddr_mc_phy_wrapper/u_ddr_mc_phy/ddr_phy_4lanes_0.u_ddr_phy_4lanes/ddr_byte_lane_B.ddr_byte_lane_B/oserdes_clkdiv       |            20.0 |
| oserdes_clkdiv_2                                                                                                                                          | memory_handler_inst/your_inst_name/u_mig_7series_0/u_mig_7series_0_mig/u_memc_ui_top_std/mem_intfc0/ddr_phy_top0/u_ddr_mc_phy_wrapper/u_ddr_mc_phy/ddr_phy_4lanes_0.u_ddr_phy_4lanes/ddr_byte_lane_C.ddr_byte_lane_C/oserdes_clkdiv       |            10.0 |
| oserdes_clkdiv_3                                                                                                                                          | memory_handler_inst/your_inst_name/u_mig_7series_0/u_mig_7series_0_mig/u_memc_ui_top_std/mem_intfc0/ddr_phy_top0/u_ddr_mc_phy_wrapper/u_ddr_mc_phy/ddr_phy_4lanes_0.u_ddr_phy_4lanes/ddr_byte_lane_D.ddr_byte_lane_D/oserdes_clkdiv       |            20.0 |
| pll_clk3_out                                                                                                                                              | memory_handler_inst/your_inst_name/u_mig_7series_0/u_mig_7series_0_mig/u_ddr2_infrastructure/pll_clk3_out                                                                                                                                 |            20.0 |
| pll_clkfbout                                                                                                                                              | memory_handler_inst/your_inst_name/u_mig_7series_0/u_mig_7series_0_mig/u_ddr2_infrastructure/pll_clkfbout                                                                                                                                 |            10.0 |
| sync_pulse                                                                                                                                                | memory_handler_inst/your_inst_name/u_mig_7series_0/u_mig_7series_0_mig/u_ddr2_infrastructure/sync_pulse                                                                                                                                   |            80.0 |
| sys_clk_pin                                                                                                                                               | clk                                                                                                                                                                                                                                       |            10.0 |
| sys_clk_pin                                                                                                                                               | clk_IBUF_BUFG                                                                                                                                                                                                                             |            10.0 |
| u_memc_ui_top_std/mem_intfc0/ddr_phy_top0/u_ddr_mc_phy_wrapper/u_ddr_mc_phy/ddr_phy_4lanes_0.u_ddr_phy_4lanes/ddr_byte_lane_A.ddr_byte_lane_A/iserdes_clk | memory_handler_inst/your_inst_name/u_mig_7series_0/u_mig_7series_0_mig/u_memc_ui_top_std/mem_intfc0/ddr_phy_top0/u_ddr_mc_phy_wrapper/u_ddr_mc_phy/ddr_phy_4lanes_0.u_ddr_phy_4lanes/ddr_byte_lane_A.ddr_byte_lane_A/A_rst_primitives_reg |             5.0 |
| u_memc_ui_top_std/mem_intfc0/ddr_phy_top0/u_ddr_mc_phy_wrapper/u_ddr_mc_phy/ddr_phy_4lanes_0.u_ddr_phy_4lanes/ddr_byte_lane_C.ddr_byte_lane_C/iserdes_clk | memory_handler_inst/your_inst_name/u_mig_7series_0/u_mig_7series_0_mig/u_memc_ui_top_std/mem_intfc0/ddr_phy_top0/u_ddr_mc_phy_wrapper/u_ddr_mc_phy/ddr_phy_4lanes_0.u_ddr_phy_4lanes/ddr_byte_lane_C.ddr_byte_lane_C/A_rst_primitives_reg |             5.0 |
+-----------------------------------------------------------------------------------------------------------------------------------------------------------+-------------------------------------------------------------------------------------------------------------------------------------------------------------------------------------------------------------------------------------------+-----------------+


3. Detailed Reports
-------------------

3.1 By Hierarchy
----------------

+-----------------------+-----------+
| Name                  | Power (W) |
+-----------------------+-----------+
| Top_module            |     0.975 |
|   memory_handler_inst |     0.807 |
|     your_inst_name    |     0.806 |
|       u_mig_7series_0 |     0.805 |
|   pixel_reader_uno    |     0.025 |
|     blk_frame         |     0.021 |
|       U0              |     0.021 |
|   wiz_0               |     0.126 |
|     inst              |     0.126 |
|   your_instance_name  |     0.002 |
|     U0                |     0.002 |
|       inst_fifo_gen   |     0.002 |
+-----------------------+-----------+


